The system is: Linux - 4.15.0-15-generic - x86_64
Compiling the C compiler identification source file "CMakeCCompilerId.c" succeeded.
Compiler: /usr/bin/cc 
Build flags: 
Id flags: 

The output was:
0


Compilation of the C compiler identification source "CMakeCCompilerId.c" produced "a.out"

The C compiler identification is GNU, found in "/home/kal1-4/anicar_ws/build/demo_image_processing_ros_tool/CMakeFiles/3.5.1/CompilerIdC/a.out"

Compiling the CXX compiler identification source file "CMakeCXXCompilerId.cpp" succeeded.
Compiler: /usr/bin/c++ 
Build flags: 
Id flags: 

The output was:
0


Compilation of the CXX compiler identification source "CMakeCXXCompilerId.cpp" produced "a.out"

The CXX compiler identification is GNU, found in "/home/kal1-4/anicar_ws/build/demo_image_processing_ros_tool/CMakeFiles/3.5.1/CompilerIdCXX/a.out"

Determining if the C compiler works passed with the following output:
Change Dir: /home/kal1-4/anicar_ws/build/demo_image_processing_ros_tool/CMakeFiles/CMakeTmp

Run Build Command:"/usr/bin/make" "cmTC_76dbd/fast"
/usr/bin/make -f CMakeFiles/cmTC_76dbd.dir/build.make CMakeFiles/cmTC_76dbd.dir/build
make[1]: Entering directory '/home/kal1-4/anicar_ws/build/demo_image_processing_ros_tool/CMakeFiles/CMakeTmp'
Building C object CMakeFiles/cmTC_76dbd.dir/testCCompiler.c.o
/usr/bin/cc     -o CMakeFiles/cmTC_76dbd.dir/testCCompiler.c.o   -c /home/kal1-4/anicar_ws/build/demo_image_processing_ros_tool/CMakeFiles/CMakeTmp/testCCompiler.c
Linking C executable cmTC_76dbd
/usr/bin/cmake -E cmake_link_script CMakeFiles/cmTC_76dbd.dir/link.txt --verbose=1
/usr/bin/cc       CMakeFiles/cmTC_76dbd.dir/testCCompiler.c.o  -o cmTC_76dbd -rdynamic 
make[1]: Leaving directory '/home/kal1-4/anicar_ws/build/demo_image_processing_ros_tool/CMakeFiles/CMakeTmp'


Detecting C compiler ABI info compiled with the following output:
Change Dir: /home/kal1-4/anicar_ws/build/demo_image_processing_ros_tool/CMakeFiles/CMakeTmp

Run Build Command:"/usr/bin/make" "cmTC_5f2b0/fast"
/usr/bin/make -f CMakeFiles/cmTC_5f2b0.dir/build.make CMakeFiles/cmTC_5f2b0.dir/build
make[1]: Entering directory '/home/kal1-4/anicar_ws/build/demo_image_processing_ros_tool/CMakeFiles/CMakeTmp'
Building C object CMakeFiles/cmTC_5f2b0.dir/CMakeCCompilerABI.c.o
/usr/bin/cc     -o CMakeFiles/cmTC_5f2b0.dir/CMakeCCompilerABI.c.o   -c /usr/share/cmake-3.5/Modules/CMakeCCompilerABI.c
Linking C executable cmTC_5f2b0
/usr/bin/cmake -E cmake_link_script CMakeFiles/cmTC_5f2b0.dir/link.txt --verbose=1
/usr/bin/cc      -v CMakeFiles/cmTC_5f2b0.dir/CMakeCCompilerABI.c.o  -o cmTC_5f2b0 -rdynamic  
Using built-in specs.
COLLECT_GCC=/usr/bin/cc
COLLECT_LTO_WRAPPER=/usr/lib/gcc/x86_64-linux-gnu/7/lto-wrapper
OFFLOAD_TARGET_NAMES=nvptx-none
OFFLOAD_TARGET_DEFAULT=1
Target: x86_64-linux-gnu
Configured with: ../src/configure -v --with-pkgversion='Ubuntu 7.2.0-8ubuntu3.1~16.04.york0' --with-bugurl=file:///usr/share/doc/gcc-7/README.Bugs --enable-languages=c,ada,c++,go,brig,d,fortran,objc,obj-c++ --prefix=/usr --with-gcc-major-version-only --program-suffix=-7 --program-prefix=x86_64-linux-gnu- --enable-shared --enable-linker-build-id --libexecdir=/usr/lib --without-included-gettext --enable-threads=posix --libdir=/usr/lib --enable-nls --with-sysroot=/ --enable-clocale=gnu --enable-libstdcxx-debug --enable-libstdcxx-time=yes --with-default-libstdcxx-abi=new --enable-gnu-unique-object --disable-vtable-verify --enable-libmpx --enable-plugin --with-system-zlib --with-target-system-zlib --enable-objc-gc=auto --enable-multiarch --disable-werror --with-arch-32=i686 --with-abi=m64 --with-multilib-list=m32,m64,mx32 --enable-multilib --with-tune=generic --enable-offload-targets=nvptx-none --without-cuda-driver --enable-checking=release --build=x86_64-linux-gnu --host=x86_64-linux-gnu --target=x86_64-linux-gnu
Thread model: posix
gcc version 7.2.0 (Ubuntu 7.2.0-8ubuntu3.1~16.04.york0) 
COMPILER_PATH=/usr/lib/gcc/x86_64-linux-gnu/7/:/usr/lib/gcc/x86_64-linux-gnu/7/:/usr/lib/gcc/x86_64-linux-gnu/:/usr/lib/gcc/x86_64-linux-gnu/7/:/usr/lib/gcc/x86_64-linux-gnu/
LIBRARY_PATH=/usr/lib/gcc/x86_64-linux-gnu/7/:/usr/lib/gcc/x86_64-linux-gnu/7/../../../x86_64-linux-gnu/:/usr/lib/gcc/x86_64-linux-gnu/7/../../../../lib/:/lib/x86_64-linux-gnu/:/lib/../lib/:/usr/lib/x86_64-linux-gnu/:/usr/lib/../lib/:/usr/lib/gcc/x86_64-linux-gnu/7/../../../:/lib/:/usr/lib/
COLLECT_GCC_OPTIONS='-v' '-o' 'cmTC_5f2b0' '-rdynamic' '-mtune=generic' '-march=x86-64'
 /usr/lib/gcc/x86_64-linux-gnu/7/collect2 -plugin /usr/lib/gcc/x86_64-linux-gnu/7/liblto_plugin.so -plugin-opt=/usr/lib/gcc/x86_64-linux-gnu/7/lto-wrapper -plugin-opt=-fresolution=/tmp/ccYni3f8.res -plugin-opt=-pass-through=-lgcc -plugin-opt=-pass-through=-lgcc_s -plugin-opt=-pass-through=-lc -plugin-opt=-pass-through=-lgcc -plugin-opt=-pass-through=-lgcc_s --sysroot=/ --build-id --eh-frame-hdr -m elf_x86_64 --hash-style=gnu --as-needed -export-dynamic -dynamic-linker /lib64/ld-linux-x86-64.so.2 -z relro -o cmTC_5f2b0 /usr/lib/gcc/x86_64-linux-gnu/7/../../../x86_64-linux-gnu/crt1.o /usr/lib/gcc/x86_64-linux-gnu/7/../../../x86_64-linux-gnu/crti.o /usr/lib/gcc/x86_64-linux-gnu/7/crtbegin.o -L/usr/lib/gcc/x86_64-linux-gnu/7 -L/usr/lib/gcc/x86_64-linux-gnu/7/../../../x86_64-linux-gnu -L/usr/lib/gcc/x86_64-linux-gnu/7/../../../../lib -L/lib/x86_64-linux-gnu -L/lib/../lib -L/usr/lib/x86_64-linux-gnu -L/usr/lib/../lib -L/usr/lib/gcc/x86_64-linux-gnu/7/../../.. CMakeFiles/cmTC_5f2b0.dir/CMakeCCompilerABI.c.o -lgcc --as-needed -lgcc_s --no-as-needed -lc -lgcc --as-needed -lgcc_s --no-as-needed /usr/lib/gcc/x86_64-linux-gnu/7/crtend.o /usr/lib/gcc/x86_64-linux-gnu/7/../../../x86_64-linux-gnu/crtn.o
COLLECT_GCC_OPTIONS='-v' '-o' 'cmTC_5f2b0' '-rdynamic' '-mtune=generic' '-march=x86-64'
make[1]: Leaving directory '/home/kal1-4/anicar_ws/build/demo_image_processing_ros_tool/CMakeFiles/CMakeTmp'


Parsed C implicit link information from above output:
  link line regex: [^( *|.*[/\])(ld|([^/\]+-)?ld|collect2)[^/\]*( |$)]
  ignore line: [Change Dir: /home/kal1-4/anicar_ws/build/demo_image_processing_ros_tool/CMakeFiles/CMakeTmp]
  ignore line: []
  ignore line: [Run Build Command:"/usr/bin/make" "cmTC_5f2b0/fast"]
  ignore line: [/usr/bin/make -f CMakeFiles/cmTC_5f2b0.dir/build.make CMakeFiles/cmTC_5f2b0.dir/build]
  ignore line: [make[1]: Entering directory '/home/kal1-4/anicar_ws/build/demo_image_processing_ros_tool/CMakeFiles/CMakeTmp']
  ignore line: [Building C object CMakeFiles/cmTC_5f2b0.dir/CMakeCCompilerABI.c.o]
  ignore line: [/usr/bin/cc     -o CMakeFiles/cmTC_5f2b0.dir/CMakeCCompilerABI.c.o   -c /usr/share/cmake-3.5/Modules/CMakeCCompilerABI.c]
  ignore line: [Linking C executable cmTC_5f2b0]
  ignore line: [/usr/bin/cmake -E cmake_link_script CMakeFiles/cmTC_5f2b0.dir/link.txt --verbose=1]
  ignore line: [/usr/bin/cc      -v CMakeFiles/cmTC_5f2b0.dir/CMakeCCompilerABI.c.o  -o cmTC_5f2b0 -rdynamic  ]
  ignore line: [Using built-in specs.]
  ignore line: [COLLECT_GCC=/usr/bin/cc]
  ignore line: [COLLECT_LTO_WRAPPER=/usr/lib/gcc/x86_64-linux-gnu/7/lto-wrapper]
  ignore line: [OFFLOAD_TARGET_NAMES=nvptx-none]
  ignore line: [OFFLOAD_TARGET_DEFAULT=1]
  ignore line: [Target: x86_64-linux-gnu]
  ignore line: [Configured with: ../src/configure -v --with-pkgversion='Ubuntu 7.2.0-8ubuntu3.1~16.04.york0' --with-bugurl=file:///usr/share/doc/gcc-7/README.Bugs --enable-languages=c,ada,c++,go,brig,d,fortran,objc,obj-c++ --prefix=/usr --with-gcc-major-version-only --program-suffix=-7 --program-prefix=x86_64-linux-gnu- --enable-shared --enable-linker-build-id --libexecdir=/usr/lib --without-included-gettext --enable-threads=posix --libdir=/usr/lib --enable-nls --with-sysroot=/ --enable-clocale=gnu --enable-libstdcxx-debug --enable-libstdcxx-time=yes --with-default-libstdcxx-abi=new --enable-gnu-unique-object --disable-vtable-verify --enable-libmpx --enable-plugin --with-system-zlib --with-target-system-zlib --enable-objc-gc=auto --enable-multiarch --disable-werror --with-arch-32=i686 --with-abi=m64 --with-multilib-list=m32,m64,mx32 --enable-multilib --with-tune=generic --enable-offload-targets=nvptx-none --without-cuda-driver --enable-checking=release --build=x86_64-linux-gnu --host=x86_64-linux-gnu --target=x86_64-linux-gnu]
  ignore line: [Thread model: posix]
  ignore line: [gcc version 7.2.0 (Ubuntu 7.2.0-8ubuntu3.1~16.04.york0) ]
  ignore line: [COMPILER_PATH=/usr/lib/gcc/x86_64-linux-gnu/7/:/usr/lib/gcc/x86_64-linux-gnu/7/:/usr/lib/gcc/x86_64-linux-gnu/:/usr/lib/gcc/x86_64-linux-gnu/7/:/usr/lib/gcc/x86_64-linux-gnu/]
  ignore line: [LIBRARY_PATH=/usr/lib/gcc/x86_64-linux-gnu/7/:/usr/lib/gcc/x86_64-linux-gnu/7/../../../x86_64-linux-gnu/:/usr/lib/gcc/x86_64-linux-gnu/7/../../../../lib/:/lib/x86_64-linux-gnu/:/lib/../lib/:/usr/lib/x86_64-linux-gnu/:/usr/lib/../lib/:/usr/lib/gcc/x86_64-linux-gnu/7/../../../:/lib/:/usr/lib/]
  ignore line: [COLLECT_GCC_OPTIONS='-v' '-o' 'cmTC_5f2b0' '-rdynamic' '-mtune=generic' '-march=x86-64']
  link line: [ /usr/lib/gcc/x86_64-linux-gnu/7/collect2 -plugin /usr/lib/gcc/x86_64-linux-gnu/7/liblto_plugin.so -plugin-opt=/usr/lib/gcc/x86_64-linux-gnu/7/lto-wrapper -plugin-opt=-fresolution=/tmp/ccYni3f8.res -plugin-opt=-pass-through=-lgcc -plugin-opt=-pass-through=-lgcc_s -plugin-opt=-pass-through=-lc -plugin-opt=-pass-through=-lgcc -plugin-opt=-pass-through=-lgcc_s --sysroot=/ --build-id --eh-frame-hdr -m elf_x86_64 --hash-style=gnu --as-needed -export-dynamic -dynamic-linker /lib64/ld-linux-x86-64.so.2 -z relro -o cmTC_5f2b0 /usr/lib/gcc/x86_64-linux-gnu/7/../../../x86_64-linux-gnu/crt1.o /usr/lib/gcc/x86_64-linux-gnu/7/../../../x86_64-linux-gnu/crti.o /usr/lib/gcc/x86_64-linux-gnu/7/crtbegin.o -L/usr/lib/gcc/x86_64-linux-gnu/7 -L/usr/lib/gcc/x86_64-linux-gnu/7/../../../x86_64-linux-gnu -L/usr/lib/gcc/x86_64-linux-gnu/7/../../../../lib -L/lib/x86_64-linux-gnu -L/lib/../lib -L/usr/lib/x86_64-linux-gnu -L/usr/lib/../lib -L/usr/lib/gcc/x86_64-linux-gnu/7/../../.. CMakeFiles/cmTC_5f2b0.dir/CMakeCCompilerABI.c.o -lgcc --as-needed -lgcc_s --no-as-needed -lc -lgcc --as-needed -lgcc_s --no-as-needed /usr/lib/gcc/x86_64-linux-gnu/7/crtend.o /usr/lib/gcc/x86_64-linux-gnu/7/../../../x86_64-linux-gnu/crtn.o]
    arg [/usr/lib/gcc/x86_64-linux-gnu/7/collect2] ==> ignore
    arg [-plugin] ==> ignore
    arg [/usr/lib/gcc/x86_64-linux-gnu/7/liblto_plugin.so] ==> ignore
    arg [-plugin-opt=/usr/lib/gcc/x86_64-linux-gnu/7/lto-wrapper] ==> ignore
    arg [-plugin-opt=-fresolution=/tmp/ccYni3f8.res] ==> ignore
    arg [-plugin-opt=-pass-through=-lgcc] ==> ignore
    arg [-plugin-opt=-pass-through=-lgcc_s] ==> ignore
    arg [-plugin-opt=-pass-through=-lc] ==> ignore
    arg [-plugin-opt=-pass-through=-lgcc] ==> ignore
    arg [-plugin-opt=-pass-through=-lgcc_s] ==> ignore
    arg [--sysroot=/] ==> ignore
    arg [--build-id] ==> ignore
    arg [--eh-frame-hdr] ==> ignore
    arg [-m] ==> ignore
    arg [elf_x86_64] ==> ignore
    arg [--hash-style=gnu] ==> ignore
    arg [--as-needed] ==> ignore
    arg [-export-dynamic] ==> ignore
    arg [-dynamic-linker] ==> ignore
    arg [/lib64/ld-linux-x86-64.so.2] ==> ignore
    arg [-zrelro] ==> ignore
    arg [-o] ==> ignore
    arg [cmTC_5f2b0] ==> ignore
    arg [/usr/lib/gcc/x86_64-linux-gnu/7/../../../x86_64-linux-gnu/crt1.o] ==> ignore
    arg [/usr/lib/gcc/x86_64-linux-gnu/7/../../../x86_64-linux-gnu/crti.o] ==> ignore
    arg [/usr/lib/gcc/x86_64-linux-gnu/7/crtbegin.o] ==> ignore
    arg [-L/usr/lib/gcc/x86_64-linux-gnu/7] ==> dir [/usr/lib/gcc/x86_64-linux-gnu/7]
    arg [-L/usr/lib/gcc/x86_64-linux-gnu/7/../../../x86_64-linux-gnu] ==> dir [/usr/lib/gcc/x86_64-linux-gnu/7/../../../x86_64-linux-gnu]
    arg [-L/usr/lib/gcc/x86_64-linux-gnu/7/../../../../lib] ==> dir [/usr/lib/gcc/x86_64-linux-gnu/7/../../../../lib]
    arg [-L/lib/x86_64-linux-gnu] ==> dir [/lib/x86_64-linux-gnu]
    arg [-L/lib/../lib] ==> dir [/lib/../lib]
    arg [-L/usr/lib/x86_64-linux-gnu] ==> dir [/usr/lib/x86_64-linux-gnu]
    arg [-L/usr/lib/../lib] ==> dir [/usr/lib/../lib]
    arg [-L/usr/lib/gcc/x86_64-linux-gnu/7/../../..] ==> dir [/usr/lib/gcc/x86_64-linux-gnu/7/../../..]
    arg [CMakeFiles/cmTC_5f2b0.dir/CMakeCCompilerABI.c.o] ==> ignore
    arg [-lgcc] ==> lib [gcc]
    arg [--as-needed] ==> ignore
    arg [-lgcc_s] ==> lib [gcc_s]
    arg [--no-as-needed] ==> ignore
    arg [-lc] ==> lib [c]
    arg [-lgcc] ==> lib [gcc]
    arg [--as-needed] ==> ignore
    arg [-lgcc_s] ==> lib [gcc_s]
    arg [--no-as-needed] ==> ignore
    arg [/usr/lib/gcc/x86_64-linux-gnu/7/crtend.o] ==> ignore
    arg [/usr/lib/gcc/x86_64-linux-gnu/7/../../../x86_64-linux-gnu/crtn.o] ==> ignore
  remove lib [gcc]
  remove lib [gcc_s]
  remove lib [gcc]
  remove lib [gcc_s]
  collapse library dir [/usr/lib/gcc/x86_64-linux-gnu/7] ==> [/usr/lib/gcc/x86_64-linux-gnu/7]
  collapse library dir [/usr/lib/gcc/x86_64-linux-gnu/7/../../../x86_64-linux-gnu] ==> [/usr/lib/x86_64-linux-gnu]
  collapse library dir [/usr/lib/gcc/x86_64-linux-gnu/7/../../../../lib] ==> [/usr/lib]
  collapse library dir [/lib/x86_64-linux-gnu] ==> [/lib/x86_64-linux-gnu]
  collapse library dir [/lib/../lib] ==> [/lib]
  collapse library dir [/usr/lib/x86_64-linux-gnu] ==> [/usr/lib/x86_64-linux-gnu]
  collapse library dir [/usr/lib/../lib] ==> [/usr/lib]
  collapse library dir [/usr/lib/gcc/x86_64-linux-gnu/7/../../..] ==> [/usr/lib]
  implicit libs: [c]
  implicit dirs: [/usr/lib/gcc/x86_64-linux-gnu/7;/usr/lib/x86_64-linux-gnu;/usr/lib;/lib/x86_64-linux-gnu;/lib]
  implicit fwks: []




Detecting C [-std=c11] compiler features compiled with the following output:
Change Dir: /home/kal1-4/anicar_ws/build/demo_image_processing_ros_tool/CMakeFiles/CMakeTmp

Run Build Command:"/usr/bin/make" "cmTC_30237/fast"
/usr/bin/make -f CMakeFiles/cmTC_30237.dir/build.make CMakeFiles/cmTC_30237.dir/build
make[1]: Entering directory '/home/kal1-4/anicar_ws/build/demo_image_processing_ros_tool/CMakeFiles/CMakeTmp'
Building C object CMakeFiles/cmTC_30237.dir/feature_tests.c.o
/usr/bin/cc    -std=c11 -o CMakeFiles/cmTC_30237.dir/feature_tests.c.o   -c /home/kal1-4/anicar_ws/build/demo_image_processing_ros_tool/CMakeFiles/feature_tests.c
Linking C executable cmTC_30237
/usr/bin/cmake -E cmake_link_script CMakeFiles/cmTC_30237.dir/link.txt --verbose=1
/usr/bin/cc       CMakeFiles/cmTC_30237.dir/feature_tests.c.o  -o cmTC_30237 -rdynamic 
make[1]: Leaving directory '/home/kal1-4/anicar_ws/build/demo_image_processing_ros_tool/CMakeFiles/CMakeTmp'


    Feature record: C_FEATURE:1c_function_prototypes
    Feature record: C_FEATURE:1c_restrict
    Feature record: C_FEATURE:1c_static_assert
    Feature record: C_FEATURE:1c_variadic_macros


Detecting C [-std=c99] compiler features compiled with the following output:
Change Dir: /home/kal1-4/anicar_ws/build/demo_image_processing_ros_tool/CMakeFiles/CMakeTmp

Run Build Command:"/usr/bin/make" "cmTC_51eb0/fast"
/usr/bin/make -f CMakeFiles/cmTC_51eb0.dir/build.make CMakeFiles/cmTC_51eb0.dir/build
make[1]: Entering directory '/home/kal1-4/anicar_ws/build/demo_image_processing_ros_tool/CMakeFiles/CMakeTmp'
Building C object CMakeFiles/cmTC_51eb0.dir/feature_tests.c.o
/usr/bin/cc    -std=c99 -o CMakeFiles/cmTC_51eb0.dir/feature_tests.c.o   -c /home/kal1-4/anicar_ws/build/demo_image_processing_ros_tool/CMakeFiles/feature_tests.c
Linking C executable cmTC_51eb0
/usr/bin/cmake -E cmake_link_script CMakeFiles/cmTC_51eb0.dir/link.txt --verbose=1
/usr/bin/cc       CMakeFiles/cmTC_51eb0.dir/feature_tests.c.o  -o cmTC_51eb0 -rdynamic 
make[1]: Leaving directory '/home/kal1-4/anicar_ws/build/demo_image_processing_ros_tool/CMakeFiles/CMakeTmp'


    Feature record: C_FEATURE:1c_function_prototypes
    Feature record: C_FEATURE:1c_restrict
    Feature record: C_FEATURE:0c_static_assert
    Feature record: C_FEATURE:1c_variadic_macros


Detecting C [-std=c90] compiler features compiled with the following output:
Change Dir: /home/kal1-4/anicar_ws/build/demo_image_processing_ros_tool/CMakeFiles/CMakeTmp

Run Build Command:"/usr/bin/make" "cmTC_7e9fc/fast"
/usr/bin/make -f CMakeFiles/cmTC_7e9fc.dir/build.make CMakeFiles/cmTC_7e9fc.dir/build
make[1]: Entering directory '/home/kal1-4/anicar_ws/build/demo_image_processing_ros_tool/CMakeFiles/CMakeTmp'
Building C object CMakeFiles/cmTC_7e9fc.dir/feature_tests.c.o
/usr/bin/cc    -std=c90 -o CMakeFiles/cmTC_7e9fc.dir/feature_tests.c.o   -c /home/kal1-4/anicar_ws/build/demo_image_processing_ros_tool/CMakeFiles/feature_tests.c
Linking C executable cmTC_7e9fc
/usr/bin/cmake -E cmake_link_script CMakeFiles/cmTC_7e9fc.dir/link.txt --verbose=1
/usr/bin/cc       CMakeFiles/cmTC_7e9fc.dir/feature_tests.c.o  -o cmTC_7e9fc -rdynamic 
make[1]: Leaving directory '/home/kal1-4/anicar_ws/build/demo_image_processing_ros_tool/CMakeFiles/CMakeTmp'


    Feature record: C_FEATURE:1c_function_prototypes
    Feature record: C_FEATURE:0c_restrict
    Feature record: C_FEATURE:0c_static_assert
    Feature record: C_FEATURE:0c_variadic_macros
Determining if the CXX compiler works passed with the following output:
Change Dir: /home/kal1-4/anicar_ws/build/demo_image_processing_ros_tool/CMakeFiles/CMakeTmp

Run Build Command:"/usr/bin/make" "cmTC_e3df7/fast"
/usr/bin/make -f CMakeFiles/cmTC_e3df7.dir/build.make CMakeFiles/cmTC_e3df7.dir/build
make[1]: Entering directory '/home/kal1-4/anicar_ws/build/demo_image_processing_ros_tool/CMakeFiles/CMakeTmp'
Building CXX object CMakeFiles/cmTC_e3df7.dir/testCXXCompiler.cxx.o
/usr/bin/c++      -o CMakeFiles/cmTC_e3df7.dir/testCXXCompiler.cxx.o -c /home/kal1-4/anicar_ws/build/demo_image_processing_ros_tool/CMakeFiles/CMakeTmp/testCXXCompiler.cxx
Linking CXX executable cmTC_e3df7
/usr/bin/cmake -E cmake_link_script CMakeFiles/cmTC_e3df7.dir/link.txt --verbose=1
/usr/bin/c++        CMakeFiles/cmTC_e3df7.dir/testCXXCompiler.cxx.o  -o cmTC_e3df7 -rdynamic 
make[1]: Leaving directory '/home/kal1-4/anicar_ws/build/demo_image_processing_ros_tool/CMakeFiles/CMakeTmp'


Detecting CXX compiler ABI info compiled with the following output:
Change Dir: /home/kal1-4/anicar_ws/build/demo_image_processing_ros_tool/CMakeFiles/CMakeTmp

Run Build Command:"/usr/bin/make" "cmTC_73367/fast"
/usr/bin/make -f CMakeFiles/cmTC_73367.dir/build.make CMakeFiles/cmTC_73367.dir/build
make[1]: Entering directory '/home/kal1-4/anicar_ws/build/demo_image_processing_ros_tool/CMakeFiles/CMakeTmp'
Building CXX object CMakeFiles/cmTC_73367.dir/CMakeCXXCompilerABI.cpp.o
/usr/bin/c++      -o CMakeFiles/cmTC_73367.dir/CMakeCXXCompilerABI.cpp.o -c /usr/share/cmake-3.5/Modules/CMakeCXXCompilerABI.cpp
Linking CXX executable cmTC_73367
/usr/bin/cmake -E cmake_link_script CMakeFiles/cmTC_73367.dir/link.txt --verbose=1
/usr/bin/c++       -v CMakeFiles/cmTC_73367.dir/CMakeCXXCompilerABI.cpp.o  -o cmTC_73367 -rdynamic  
Using built-in specs.
COLLECT_GCC=/usr/bin/c++
COLLECT_LTO_WRAPPER=/usr/lib/gcc/x86_64-linux-gnu/7/lto-wrapper
OFFLOAD_TARGET_NAMES=nvptx-none
OFFLOAD_TARGET_DEFAULT=1
Target: x86_64-linux-gnu
Configured with: ../src/configure -v --with-pkgversion='Ubuntu 7.2.0-8ubuntu3.1~16.04.york0' --with-bugurl=file:///usr/share/doc/gcc-7/README.Bugs --enable-languages=c,ada,c++,go,brig,d,fortran,objc,obj-c++ --prefix=/usr --with-gcc-major-version-only --program-suffix=-7 --program-prefix=x86_64-linux-gnu- --enable-shared --enable-linker-build-id --libexecdir=/usr/lib --without-included-gettext --enable-threads=posix --libdir=/usr/lib --enable-nls --with-sysroot=/ --enable-clocale=gnu --enable-libstdcxx-debug --enable-libstdcxx-time=yes --with-default-libstdcxx-abi=new --enable-gnu-unique-object --disable-vtable-verify --enable-libmpx --enable-plugin --with-system-zlib --with-target-system-zlib --enable-objc-gc=auto --enable-multiarch --disable-werror --with-arch-32=i686 --with-abi=m64 --with-multilib-list=m32,m64,mx32 --enable-multilib --with-tune=generic --enable-offload-targets=nvptx-none --without-cuda-driver --enable-checking=release --build=x86_64-linux-gnu --host=x86_64-linux-gnu --target=x86_64-linux-gnu
Thread model: posix
gcc version 7.2.0 (Ubuntu 7.2.0-8ubuntu3.1~16.04.york0) 
COMPILER_PATH=/usr/lib/gcc/x86_64-linux-gnu/7/:/usr/lib/gcc/x86_64-linux-gnu/7/:/usr/lib/gcc/x86_64-linux-gnu/:/usr/lib/gcc/x86_64-linux-gnu/7/:/usr/lib/gcc/x86_64-linux-gnu/
LIBRARY_PATH=/usr/lib/gcc/x86_64-linux-gnu/7/:/usr/lib/gcc/x86_64-linux-gnu/7/../../../x86_64-linux-gnu/:/usr/lib/gcc/x86_64-linux-gnu/7/../../../../lib/:/lib/x86_64-linux-gnu/:/lib/../lib/:/usr/lib/x86_64-linux-gnu/:/usr/lib/../lib/:/usr/lib/gcc/x86_64-linux-gnu/7/../../../:/lib/:/usr/lib/
COLLECT_GCC_OPTIONS='-v' '-o' 'cmTC_73367' '-rdynamic' '-shared-libgcc' '-mtune=generic' '-march=x86-64'
 /usr/lib/gcc/x86_64-linux-gnu/7/collect2 -plugin /usr/lib/gcc/x86_64-linux-gnu/7/liblto_plugin.so -plugin-opt=/usr/lib/gcc/x86_64-linux-gnu/7/lto-wrapper -plugin-opt=-fresolution=/tmp/ccD8hGIu.res -plugin-opt=-pass-through=-lgcc_s -plugin-opt=-pass-through=-lgcc -plugin-opt=-pass-through=-lc -plugin-opt=-pass-through=-lgcc_s -plugin-opt=-pass-through=-lgcc --sysroot=/ --build-id --eh-frame-hdr -m elf_x86_64 --hash-style=gnu --as-needed -export-dynamic -dynamic-linker /lib64/ld-linux-x86-64.so.2 -z relro -o cmTC_73367 /usr/lib/gcc/x86_64-linux-gnu/7/../../../x86_64-linux-gnu/crt1.o /usr/lib/gcc/x86_64-linux-gnu/7/../../../x86_64-linux-gnu/crti.o /usr/lib/gcc/x86_64-linux-gnu/7/crtbegin.o -L/usr/lib/gcc/x86_64-linux-gnu/7 -L/usr/lib/gcc/x86_64-linux-gnu/7/../../../x86_64-linux-gnu -L/usr/lib/gcc/x86_64-linux-gnu/7/../../../../lib -L/lib/x86_64-linux-gnu -L/lib/../lib -L/usr/lib/x86_64-linux-gnu -L/usr/lib/../lib -L/usr/lib/gcc/x86_64-linux-gnu/7/../../.. CMakeFiles/cmTC_73367.dir/CMakeCXXCompilerABI.cpp.o -lstdc++ -lm -lgcc_s -lgcc -lc -lgcc_s -lgcc /usr/lib/gcc/x86_64-linux-gnu/7/crtend.o /usr/lib/gcc/x86_64-linux-gnu/7/../../../x86_64-linux-gnu/crtn.o
COLLECT_GCC_OPTIONS='-v' '-o' 'cmTC_73367' '-rdynamic' '-shared-libgcc' '-mtune=generic' '-march=x86-64'
make[1]: Leaving directory '/home/kal1-4/anicar_ws/build/demo_image_processing_ros_tool/CMakeFiles/CMakeTmp'


Parsed CXX implicit link information from above output:
  link line regex: [^( *|.*[/\])(ld|([^/\]+-)?ld|collect2)[^/\]*( |$)]
  ignore line: [Change Dir: /home/kal1-4/anicar_ws/build/demo_image_processing_ros_tool/CMakeFiles/CMakeTmp]
  ignore line: []
  ignore line: [Run Build Command:"/usr/bin/make" "cmTC_73367/fast"]
  ignore line: [/usr/bin/make -f CMakeFiles/cmTC_73367.dir/build.make CMakeFiles/cmTC_73367.dir/build]
  ignore line: [make[1]: Entering directory '/home/kal1-4/anicar_ws/build/demo_image_processing_ros_tool/CMakeFiles/CMakeTmp']
  ignore line: [Building CXX object CMakeFiles/cmTC_73367.dir/CMakeCXXCompilerABI.cpp.o]
  ignore line: [/usr/bin/c++      -o CMakeFiles/cmTC_73367.dir/CMakeCXXCompilerABI.cpp.o -c /usr/share/cmake-3.5/Modules/CMakeCXXCompilerABI.cpp]
  ignore line: [Linking CXX executable cmTC_73367]
  ignore line: [/usr/bin/cmake -E cmake_link_script CMakeFiles/cmTC_73367.dir/link.txt --verbose=1]
  ignore line: [/usr/bin/c++       -v CMakeFiles/cmTC_73367.dir/CMakeCXXCompilerABI.cpp.o  -o cmTC_73367 -rdynamic  ]
  ignore line: [Using built-in specs.]
  ignore line: [COLLECT_GCC=/usr/bin/c++]
  ignore line: [COLLECT_LTO_WRAPPER=/usr/lib/gcc/x86_64-linux-gnu/7/lto-wrapper]
  ignore line: [OFFLOAD_TARGET_NAMES=nvptx-none]
  ignore line: [OFFLOAD_TARGET_DEFAULT=1]
  ignore line: [Target: x86_64-linux-gnu]
  ignore line: [Configured with: ../src/configure -v --with-pkgversion='Ubuntu 7.2.0-8ubuntu3.1~16.04.york0' --with-bugurl=file:///usr/share/doc/gcc-7/README.Bugs --enable-languages=c,ada,c++,go,brig,d,fortran,objc,obj-c++ --prefix=/usr --with-gcc-major-version-only --program-suffix=-7 --program-prefix=x86_64-linux-gnu- --enable-shared --enable-linker-build-id --libexecdir=/usr/lib --without-included-gettext --enable-threads=posix --libdir=/usr/lib --enable-nls --with-sysroot=/ --enable-clocale=gnu --enable-libstdcxx-debug --enable-libstdcxx-time=yes --with-default-libstdcxx-abi=new --enable-gnu-unique-object --disable-vtable-verify --enable-libmpx --enable-plugin --with-system-zlib --with-target-system-zlib --enable-objc-gc=auto --enable-multiarch --disable-werror --with-arch-32=i686 --with-abi=m64 --with-multilib-list=m32,m64,mx32 --enable-multilib --with-tune=generic --enable-offload-targets=nvptx-none --without-cuda-driver --enable-checking=release --build=x86_64-linux-gnu --host=x86_64-linux-gnu --target=x86_64-linux-gnu]
  ignore line: [Thread model: posix]
  ignore line: [gcc version 7.2.0 (Ubuntu 7.2.0-8ubuntu3.1~16.04.york0) ]
  ignore line: [COMPILER_PATH=/usr/lib/gcc/x86_64-linux-gnu/7/:/usr/lib/gcc/x86_64-linux-gnu/7/:/usr/lib/gcc/x86_64-linux-gnu/:/usr/lib/gcc/x86_64-linux-gnu/7/:/usr/lib/gcc/x86_64-linux-gnu/]
  ignore line: [LIBRARY_PATH=/usr/lib/gcc/x86_64-linux-gnu/7/:/usr/lib/gcc/x86_64-linux-gnu/7/../../../x86_64-linux-gnu/:/usr/lib/gcc/x86_64-linux-gnu/7/../../../../lib/:/lib/x86_64-linux-gnu/:/lib/../lib/:/usr/lib/x86_64-linux-gnu/:/usr/lib/../lib/:/usr/lib/gcc/x86_64-linux-gnu/7/../../../:/lib/:/usr/lib/]
  ignore line: [COLLECT_GCC_OPTIONS='-v' '-o' 'cmTC_73367' '-rdynamic' '-shared-libgcc' '-mtune=generic' '-march=x86-64']
  link line: [ /usr/lib/gcc/x86_64-linux-gnu/7/collect2 -plugin /usr/lib/gcc/x86_64-linux-gnu/7/liblto_plugin.so -plugin-opt=/usr/lib/gcc/x86_64-linux-gnu/7/lto-wrapper -plugin-opt=-fresolution=/tmp/ccD8hGIu.res -plugin-opt=-pass-through=-lgcc_s -plugin-opt=-pass-through=-lgcc -plugin-opt=-pass-through=-lc -plugin-opt=-pass-through=-lgcc_s -plugin-opt=-pass-through=-lgcc --sysroot=/ --build-id --eh-frame-hdr -m elf_x86_64 --hash-style=gnu --as-needed -export-dynamic -dynamic-linker /lib64/ld-linux-x86-64.so.2 -z relro -o cmTC_73367 /usr/lib/gcc/x86_64-linux-gnu/7/../../../x86_64-linux-gnu/crt1.o /usr/lib/gcc/x86_64-linux-gnu/7/../../../x86_64-linux-gnu/crti.o /usr/lib/gcc/x86_64-linux-gnu/7/crtbegin.o -L/usr/lib/gcc/x86_64-linux-gnu/7 -L/usr/lib/gcc/x86_64-linux-gnu/7/../../../x86_64-linux-gnu -L/usr/lib/gcc/x86_64-linux-gnu/7/../../../../lib -L/lib/x86_64-linux-gnu -L/lib/../lib -L/usr/lib/x86_64-linux-gnu -L/usr/lib/../lib -L/usr/lib/gcc/x86_64-linux-gnu/7/../../.. CMakeFiles/cmTC_73367.dir/CMakeCXXCompilerABI.cpp.o -lstdc++ -lm -lgcc_s -lgcc -lc -lgcc_s -lgcc /usr/lib/gcc/x86_64-linux-gnu/7/crtend.o /usr/lib/gcc/x86_64-linux-gnu/7/../../../x86_64-linux-gnu/crtn.o]
    arg [/usr/lib/gcc/x86_64-linux-gnu/7/collect2] ==> ignore
    arg [-plugin] ==> ignore
    arg [/usr/lib/gcc/x86_64-linux-gnu/7/liblto_plugin.so] ==> ignore
    arg [-plugin-opt=/usr/lib/gcc/x86_64-linux-gnu/7/lto-wrapper] ==> ignore
    arg [-plugin-opt=-fresolution=/tmp/ccD8hGIu.res] ==> ignore
    arg [-plugin-opt=-pass-through=-lgcc_s] ==> ignore
    arg [-plugin-opt=-pass-through=-lgcc] ==> ignore
    arg [-plugin-opt=-pass-through=-lc] ==> ignore
    arg [-plugin-opt=-pass-through=-lgcc_s] ==> ignore
    arg [-plugin-opt=-pass-through=-lgcc] ==> ignore
    arg [--sysroot=/] ==> ignore
    arg [--build-id] ==> ignore
    arg [--eh-frame-hdr] ==> ignore
    arg [-m] ==> ignore
    arg [elf_x86_64] ==> ignore
    arg [--hash-style=gnu] ==> ignore
    arg [--as-needed] ==> ignore
    arg [-export-dynamic] ==> ignore
    arg [-dynamic-linker] ==> ignore
    arg [/lib64/ld-linux-x86-64.so.2] ==> ignore
    arg [-zrelro] ==> ignore
    arg [-o] ==> ignore
    arg [cmTC_73367] ==> ignore
    arg [/usr/lib/gcc/x86_64-linux-gnu/7/../../../x86_64-linux-gnu/crt1.o] ==> ignore
    arg [/usr/lib/gcc/x86_64-linux-gnu/7/../../../x86_64-linux-gnu/crti.o] ==> ignore
    arg [/usr/lib/gcc/x86_64-linux-gnu/7/crtbegin.o] ==> ignore
    arg [-L/usr/lib/gcc/x86_64-linux-gnu/7] ==> dir [/usr/lib/gcc/x86_64-linux-gnu/7]
    arg [-L/usr/lib/gcc/x86_64-linux-gnu/7/../../../x86_64-linux-gnu] ==> dir [/usr/lib/gcc/x86_64-linux-gnu/7/../../../x86_64-linux-gnu]
    arg [-L/usr/lib/gcc/x86_64-linux-gnu/7/../../../../lib] ==> dir [/usr/lib/gcc/x86_64-linux-gnu/7/../../../../lib]
    arg [-L/lib/x86_64-linux-gnu] ==> dir [/lib/x86_64-linux-gnu]
    arg [-L/lib/../lib] ==> dir [/lib/../lib]
    arg [-L/usr/lib/x86_64-linux-gnu] ==> dir [/usr/lib/x86_64-linux-gnu]
    arg [-L/usr/lib/../lib] ==> dir [/usr/lib/../lib]
    arg [-L/usr/lib/gcc/x86_64-linux-gnu/7/../../..] ==> dir [/usr/lib/gcc/x86_64-linux-gnu/7/../../..]
    arg [CMakeFiles/cmTC_73367.dir/CMakeCXXCompilerABI.cpp.o] ==> ignore
    arg [-lstdc++] ==> lib [stdc++]
    arg [-lm] ==> lib [m]
    arg [-lgcc_s] ==> lib [gcc_s]
    arg [-lgcc] ==> lib [gcc]
    arg [-lc] ==> lib [c]
    arg [-lgcc_s] ==> lib [gcc_s]
    arg [-lgcc] ==> lib [gcc]
    arg [/usr/lib/gcc/x86_64-linux-gnu/7/crtend.o] ==> ignore
    arg [/usr/lib/gcc/x86_64-linux-gnu/7/../../../x86_64-linux-gnu/crtn.o] ==> ignore
  remove lib [gcc_s]
  remove lib [gcc]
  remove lib [gcc_s]
  remove lib [gcc]
  collapse library dir [/usr/lib/gcc/x86_64-linux-gnu/7] ==> [/usr/lib/gcc/x86_64-linux-gnu/7]
  collapse library dir [/usr/lib/gcc/x86_64-linux-gnu/7/../../../x86_64-linux-gnu] ==> [/usr/lib/x86_64-linux-gnu]
  collapse library dir [/usr/lib/gcc/x86_64-linux-gnu/7/../../../../lib] ==> [/usr/lib]
  collapse library dir [/lib/x86_64-linux-gnu] ==> [/lib/x86_64-linux-gnu]
  collapse library dir [/lib/../lib] ==> [/lib]
  collapse library dir [/usr/lib/x86_64-linux-gnu] ==> [/usr/lib/x86_64-linux-gnu]
  collapse library dir [/usr/lib/../lib] ==> [/usr/lib]
  collapse library dir [/usr/lib/gcc/x86_64-linux-gnu/7/../../..] ==> [/usr/lib]
  implicit libs: [stdc++;m;c]
  implicit dirs: [/usr/lib/gcc/x86_64-linux-gnu/7;/usr/lib/x86_64-linux-gnu;/usr/lib;/lib/x86_64-linux-gnu;/lib]
  implicit fwks: []




Detecting CXX [-std=c++14] compiler features compiled with the following output:
Change Dir: /home/kal1-4/anicar_ws/build/demo_image_processing_ros_tool/CMakeFiles/CMakeTmp

Run Build Command:"/usr/bin/make" "cmTC_21607/fast"
/usr/bin/make -f CMakeFiles/cmTC_21607.dir/build.make CMakeFiles/cmTC_21607.dir/build
make[1]: Entering directory '/home/kal1-4/anicar_ws/build/demo_image_processing_ros_tool/CMakeFiles/CMakeTmp'
Building CXX object CMakeFiles/cmTC_21607.dir/feature_tests.cxx.o
/usr/bin/c++     -std=c++14 -o CMakeFiles/cmTC_21607.dir/feature_tests.cxx.o -c /home/kal1-4/anicar_ws/build/demo_image_processing_ros_tool/CMakeFiles/feature_tests.cxx
Linking CXX executable cmTC_21607
/usr/bin/cmake -E cmake_link_script CMakeFiles/cmTC_21607.dir/link.txt --verbose=1
/usr/bin/c++        CMakeFiles/cmTC_21607.dir/feature_tests.cxx.o  -o cmTC_21607 -rdynamic 
make[1]: Leaving directory '/home/kal1-4/anicar_ws/build/demo_image_processing_ros_tool/CMakeFiles/CMakeTmp'


    Feature record: CXX_FEATURE:1cxx_aggregate_default_initializers
    Feature record: CXX_FEATURE:1cxx_alias_templates
    Feature record: CXX_FEATURE:1cxx_alignas
    Feature record: CXX_FEATURE:1cxx_alignof
    Feature record: CXX_FEATURE:1cxx_attributes
    Feature record: CXX_FEATURE:1cxx_attribute_deprecated
    Feature record: CXX_FEATURE:1cxx_auto_type
    Feature record: CXX_FEATURE:1cxx_binary_literals
    Feature record: CXX_FEATURE:1cxx_constexpr
    Feature record: CXX_FEATURE:1cxx_contextual_conversions
    Feature record: CXX_FEATURE:1cxx_decltype
    Feature record: CXX_FEATURE:1cxx_decltype_auto
    Feature record: CXX_FEATURE:1cxx_decltype_incomplete_return_types
    Feature record: CXX_FEATURE:1cxx_default_function_template_args
    Feature record: CXX_FEATURE:1cxx_defaulted_functions
    Feature record: CXX_FEATURE:1cxx_defaulted_move_initializers
    Feature record: CXX_FEATURE:1cxx_delegating_constructors
    Feature record: CXX_FEATURE:1cxx_deleted_functions
    Feature record: CXX_FEATURE:1cxx_digit_separators
    Feature record: CXX_FEATURE:1cxx_enum_forward_declarations
    Feature record: CXX_FEATURE:1cxx_explicit_conversions
    Feature record: CXX_FEATURE:1cxx_extended_friend_declarations
    Feature record: CXX_FEATURE:1cxx_extern_templates
    Feature record: CXX_FEATURE:1cxx_final
    Feature record: CXX_FEATURE:1cxx_func_identifier
    Feature record: CXX_FEATURE:1cxx_generalized_initializers
    Feature record: CXX_FEATURE:1cxx_generic_lambdas
    Feature record: CXX_FEATURE:1cxx_inheriting_constructors
    Feature record: CXX_FEATURE:1cxx_inline_namespaces
    Feature record: CXX_FEATURE:1cxx_lambdas
    Feature record: CXX_FEATURE:1cxx_lambda_init_captures
    Feature record: CXX_FEATURE:1cxx_local_type_template_args
    Feature record: CXX_FEATURE:1cxx_long_long_type
    Feature record: CXX_FEATURE:1cxx_noexcept
    Feature record: CXX_FEATURE:1cxx_nonstatic_member_init
    Feature record: CXX_FEATURE:1cxx_nullptr
    Feature record: CXX_FEATURE:1cxx_override
    Feature record: CXX_FEATURE:1cxx_range_for
    Feature record: CXX_FEATURE:1cxx_raw_string_literals
    Feature record: CXX_FEATURE:1cxx_reference_qualified_functions
    Feature record: CXX_FEATURE:1cxx_relaxed_constexpr
    Feature record: CXX_FEATURE:1cxx_return_type_deduction
    Feature record: CXX_FEATURE:1cxx_right_angle_brackets
    Feature record: CXX_FEATURE:1cxx_rvalue_references
    Feature record: CXX_FEATURE:1cxx_sizeof_member
    Feature record: CXX_FEATURE:1cxx_static_assert
    Feature record: CXX_FEATURE:1cxx_strong_enums
    Feature record: CXX_FEATURE:1cxx_template_template_parameters
    Feature record: CXX_FEATURE:1cxx_thread_local
    Feature record: CXX_FEATURE:1cxx_trailing_return_types
    Feature record: CXX_FEATURE:1cxx_unicode_literals
    Feature record: CXX_FEATURE:1cxx_uniform_initialization
    Feature record: CXX_FEATURE:1cxx_unrestricted_unions
    Feature record: CXX_FEATURE:1cxx_user_literals
    Feature record: CXX_FEATURE:1cxx_variable_templates
    Feature record: CXX_FEATURE:1cxx_variadic_macros
    Feature record: CXX_FEATURE:1cxx_variadic_templates


Detecting CXX [-std=c++11] compiler features compiled with the following output:
Change Dir: /home/kal1-4/anicar_ws/build/demo_image_processing_ros_tool/CMakeFiles/CMakeTmp

Run Build Command:"/usr/bin/make" "cmTC_d560e/fast"
/usr/bin/make -f CMakeFiles/cmTC_d560e.dir/build.make CMakeFiles/cmTC_d560e.dir/build
make[1]: Entering directory '/home/kal1-4/anicar_ws/build/demo_image_processing_ros_tool/CMakeFiles/CMakeTmp'
Building CXX object CMakeFiles/cmTC_d560e.dir/feature_tests.cxx.o
/usr/bin/c++     -std=c++11 -o CMakeFiles/cmTC_d560e.dir/feature_tests.cxx.o -c /home/kal1-4/anicar_ws/build/demo_image_processing_ros_tool/CMakeFiles/feature_tests.cxx
Linking CXX executable cmTC_d560e
/usr/bin/cmake -E cmake_link_script CMakeFiles/cmTC_d560e.dir/link.txt --verbose=1
/usr/bin/c++        CMakeFiles/cmTC_d560e.dir/feature_tests.cxx.o  -o cmTC_d560e -rdynamic 
make[1]: Leaving directory '/home/kal1-4/anicar_ws/build/demo_image_processing_ros_tool/CMakeFiles/CMakeTmp'


    Feature record: CXX_FEATURE:0cxx_aggregate_default_initializers
    Feature record: CXX_FEATURE:1cxx_alias_templates
    Feature record: CXX_FEATURE:1cxx_alignas
    Feature record: CXX_FEATURE:1cxx_alignof
    Feature record: CXX_FEATURE:1cxx_attributes
    Feature record: CXX_FEATURE:0cxx_attribute_deprecated
    Feature record: CXX_FEATURE:1cxx_auto_type
    Feature record: CXX_FEATURE:0cxx_binary_literals
    Feature record: CXX_FEATURE:1cxx_constexpr
    Feature record: CXX_FEATURE:0cxx_contextual_conversions
    Feature record: CXX_FEATURE:1cxx_decltype
    Feature record: CXX_FEATURE:0cxx_decltype_auto
    Feature record: CXX_FEATURE:1cxx_decltype_incomplete_return_types
    Feature record: CXX_FEATURE:1cxx_default_function_template_args
    Feature record: CXX_FEATURE:1cxx_defaulted_functions
    Feature record: CXX_FEATURE:1cxx_defaulted_move_initializers
    Feature record: CXX_FEATURE:1cxx_delegating_constructors
    Feature record: CXX_FEATURE:1cxx_deleted_functions
    Feature record: CXX_FEATURE:0cxx_digit_separators
    Feature record: CXX_FEATURE:1cxx_enum_forward_declarations
    Feature record: CXX_FEATURE:1cxx_explicit_conversions
    Feature record: CXX_FEATURE:1cxx_extended_friend_declarations
    Feature record: CXX_FEATURE:1cxx_extern_templates
    Feature record: CXX_FEATURE:1cxx_final
    Feature record: CXX_FEATURE:1cxx_func_identifier
    Feature record: CXX_FEATURE:1cxx_generalized_initializers
    Feature record: CXX_FEATURE:0cxx_generic_lambdas
    Feature record: CXX_FEATURE:1cxx_inheriting_constructors
    Feature record: CXX_FEATURE:1cxx_inline_namespaces
    Feature record: CXX_FEATURE:1cxx_lambdas
    Feature record: CXX_FEATURE:0cxx_lambda_init_captures
    Feature record: CXX_FEATURE:1cxx_local_type_template_args
    Feature record: CXX_FEATURE:1cxx_long_long_type
    Feature record: CXX_FEATURE:1cxx_noexcept
    Feature record: CXX_FEATURE:1cxx_nonstatic_member_init
    Feature record: CXX_FEATURE:1cxx_nullptr
    Feature record: CXX_FEATURE:1cxx_override
    Feature record: CXX_FEATURE:1cxx_range_for
    Feature record: CXX_FEATURE:1cxx_raw_string_literals
    Feature record: CXX_FEATURE:1cxx_reference_qualified_functions
    Feature record: CXX_FEATURE:0cxx_relaxed_constexpr
    Feature record: CXX_FEATURE:0cxx_return_type_deduction
    Feature record: CXX_FEATURE:1cxx_right_angle_brackets
    Feature record: CXX_FEATURE:1cxx_rvalue_references
    Feature record: CXX_FEATURE:1cxx_sizeof_member
    Feature record: CXX_FEATURE:1cxx_static_assert
    Feature record: CXX_FEATURE:1cxx_strong_enums
    Feature record: CXX_FEATURE:1cxx_template_template_parameters
    Feature record: CXX_FEATURE:1cxx_thread_local
    Feature record: CXX_FEATURE:1cxx_trailing_return_types
    Feature record: CXX_FEATURE:1cxx_unicode_literals
    Feature record: CXX_FEATURE:1cxx_uniform_initialization
    Feature record: CXX_FEATURE:1cxx_unrestricted_unions
    Feature record: CXX_FEATURE:1cxx_user_literals
    Feature record: CXX_FEATURE:0cxx_variable_templates
    Feature record: CXX_FEATURE:1cxx_variadic_macros
    Feature record: CXX_FEATURE:1cxx_variadic_templates


Detecting CXX [-std=c++98] compiler features compiled with the following output:
Change Dir: /home/kal1-4/anicar_ws/build/demo_image_processing_ros_tool/CMakeFiles/CMakeTmp

Run Build Command:"/usr/bin/make" "cmTC_e9ab4/fast"
/usr/bin/make -f CMakeFiles/cmTC_e9ab4.dir/build.make CMakeFiles/cmTC_e9ab4.dir/build
make[1]: Entering directory '/home/kal1-4/anicar_ws/build/demo_image_processing_ros_tool/CMakeFiles/CMakeTmp'
Building CXX object CMakeFiles/cmTC_e9ab4.dir/feature_tests.cxx.o
/usr/bin/c++     -std=c++98 -o CMakeFiles/cmTC_e9ab4.dir/feature_tests.cxx.o -c /home/kal1-4/anicar_ws/build/demo_image_processing_ros_tool/CMakeFiles/feature_tests.cxx
Linking CXX executable cmTC_e9ab4
/usr/bin/cmake -E cmake_link_script CMakeFiles/cmTC_e9ab4.dir/link.txt --verbose=1
/usr/bin/c++        CMakeFiles/cmTC_e9ab4.dir/feature_tests.cxx.o  -o cmTC_e9ab4 -rdynamic 
make[1]: Leaving directory '/home/kal1-4/anicar_ws/build/demo_image_processing_ros_tool/CMakeFiles/CMakeTmp'


    Feature record: CXX_FEATURE:0cxx_aggregate_default_initializers
    Feature record: CXX_FEATURE:0cxx_alias_templates
    Feature record: CXX_FEATURE:0cxx_alignas
    Feature record: CXX_FEATURE:0cxx_alignof
    Feature record: CXX_FEATURE:0cxx_attributes
    Feature record: CXX_FEATURE:0cxx_attribute_deprecated
    Feature record: CXX_FEATURE:0cxx_auto_type
    Feature record: CXX_FEATURE:0cxx_binary_literals
    Feature record: CXX_FEATURE:0cxx_constexpr
    Feature record: CXX_FEATURE:0cxx_contextual_conversions
    Feature record: CXX_FEATURE:0cxx_decltype
    Feature record: CXX_FEATURE:0cxx_decltype_auto
    Feature record: CXX_FEATURE:0cxx_decltype_incomplete_return_types
    Feature record: CXX_FEATURE:0cxx_default_function_template_args
    Feature record: CXX_FEATURE:0cxx_defaulted_functions
    Feature record: CXX_FEATURE:0cxx_defaulted_move_initializers
    Feature record: CXX_FEATURE:0cxx_delegating_constructors
    Feature record: CXX_FEATURE:0cxx_deleted_functions
    Feature record: CXX_FEATURE:0cxx_digit_separators
    Feature record: CXX_FEATURE:0cxx_enum_forward_declarations
    Feature record: CXX_FEATURE:0cxx_explicit_conversions
    Feature record: CXX_FEATURE:0cxx_extended_friend_declarations
    Feature record: CXX_FEATURE:0cxx_extern_templates
    Feature record: CXX_FEATURE:0cxx_final
    Feature record: CXX_FEATURE:0cxx_func_identifier
    Feature record: CXX_FEATURE:0cxx_generalized_initializers
    Feature record: CXX_FEATURE:0cxx_generic_lambdas
    Feature record: CXX_FEATURE:0cxx_inheriting_constructors
    Feature record: CXX_FEATURE:0cxx_inline_namespaces
    Feature record: CXX_FEATURE:0cxx_lambdas
    Feature record: CXX_FEATURE:0cxx_lambda_init_captures
    Feature record: CXX_FEATURE:0cxx_local_type_template_args
    Feature record: CXX_FEATURE:0cxx_long_long_type
    Feature record: CXX_FEATURE:0cxx_noexcept
    Feature record: CXX_FEATURE:0cxx_nonstatic_member_init
    Feature record: CXX_FEATURE:0cxx_nullptr
    Feature record: CXX_FEATURE:0cxx_override
    Feature record: CXX_FEATURE:0cxx_range_for
    Feature record: CXX_FEATURE:0cxx_raw_string_literals
    Feature record: CXX_FEATURE:0cxx_reference_qualified_functions
    Feature record: CXX_FEATURE:0cxx_relaxed_constexpr
    Feature record: CXX_FEATURE:0cxx_return_type_deduction
    Feature record: CXX_FEATURE:0cxx_right_angle_brackets
    Feature record: CXX_FEATURE:0cxx_rvalue_references
    Feature record: CXX_FEATURE:0cxx_sizeof_member
    Feature record: CXX_FEATURE:0cxx_static_assert
    Feature record: CXX_FEATURE:0cxx_strong_enums
    Feature record: CXX_FEATURE:1cxx_template_template_parameters
    Feature record: CXX_FEATURE:0cxx_thread_local
    Feature record: CXX_FEATURE:0cxx_trailing_return_types
    Feature record: CXX_FEATURE:0cxx_unicode_literals
    Feature record: CXX_FEATURE:0cxx_uniform_initialization
    Feature record: CXX_FEATURE:0cxx_unrestricted_unions
    Feature record: CXX_FEATURE:0cxx_user_literals
    Feature record: CXX_FEATURE:0cxx_variable_templates
    Feature record: CXX_FEATURE:0cxx_variadic_macros
    Feature record: CXX_FEATURE:0cxx_variadic_templates
Performing C SOURCE FILE Test OpenMP_FLAG_DETECTED succeeded with the following output:
Change Dir: /home/kal1-4/anicar_ws/build/demo_image_processing_ros_tool/CMakeFiles/CMakeTmp

Run Build Command:"/usr/bin/make" "cmTC_dce76/fast"
/usr/bin/make -f CMakeFiles/cmTC_dce76.dir/build.make CMakeFiles/cmTC_dce76.dir/build
make[1]: Entering directory '/home/kal1-4/anicar_ws/build/demo_image_processing_ros_tool/CMakeFiles/CMakeTmp'
Building C object CMakeFiles/cmTC_dce76.dir/src.c.o
/usr/bin/cc    -march=sandybridge -DOpenMP_FLAG_DETECTED -fopenmp   -o CMakeFiles/cmTC_dce76.dir/src.c.o   -c /home/kal1-4/anicar_ws/build/demo_image_processing_ros_tool/CMakeFiles/CMakeTmp/src.c
Linking C executable cmTC_dce76
/usr/bin/cmake -E cmake_link_script CMakeFiles/cmTC_dce76.dir/link.txt --verbose=1
/usr/bin/cc   -march=sandybridge -DOpenMP_FLAG_DETECTED -fopenmp    CMakeFiles/cmTC_dce76.dir/src.c.o  -o cmTC_dce76 -rdynamic 
make[1]: Leaving directory '/home/kal1-4/anicar_ws/build/demo_image_processing_ros_tool/CMakeFiles/CMakeTmp'

Source file was:

#include <omp.h>
int main() {
#ifdef _OPENMP
  return 0;
#else
  breaks_on_purpose
#endif
}

Performing C++ SOURCE FILE Test OpenMP_FLAG_DETECTED succeeded with the following output:
Change Dir: /home/kal1-4/anicar_ws/build/demo_image_processing_ros_tool/CMakeFiles/CMakeTmp

Run Build Command:"/usr/bin/make" "cmTC_36e81/fast"
/usr/bin/make -f CMakeFiles/cmTC_36e81.dir/build.make CMakeFiles/cmTC_36e81.dir/build
make[1]: Entering directory '/home/kal1-4/anicar_ws/build/demo_image_processing_ros_tool/CMakeFiles/CMakeTmp'
Building CXX object CMakeFiles/cmTC_36e81.dir/src.cxx.o
/usr/bin/c++     -march=sandybridge -DOpenMP_FLAG_DETECTED -fopenmp   -o CMakeFiles/cmTC_36e81.dir/src.cxx.o -c /home/kal1-4/anicar_ws/build/demo_image_processing_ros_tool/CMakeFiles/CMakeTmp/src.cxx
Linking CXX executable cmTC_36e81
/usr/bin/cmake -E cmake_link_script CMakeFiles/cmTC_36e81.dir/link.txt --verbose=1
/usr/bin/c++    -march=sandybridge -DOpenMP_FLAG_DETECTED -fopenmp    CMakeFiles/cmTC_36e81.dir/src.cxx.o  -o cmTC_36e81 -rdynamic 
make[1]: Leaving directory '/home/kal1-4/anicar_ws/build/demo_image_processing_ros_tool/CMakeFiles/CMakeTmp'

Source file was:

#include <omp.h>
int main() {
#ifdef _OPENMP
  return 0;
#else
  breaks_on_purpose
#endif
}

Performing C++ SOURCE FILE Test FLAG_AVAILABLE succeeded with the following output:
Change Dir: /home/kal1-4/anicar_ws/build/demo_image_processing_ros_tool/CMakeFiles/CMakeTmp

Run Build Command:"/usr/bin/make" "cmTC_75609/fast"
/usr/bin/make -f CMakeFiles/cmTC_75609.dir/build.make CMakeFiles/cmTC_75609.dir/build
make[1]: Entering directory '/home/kal1-4/anicar_ws/build/demo_image_processing_ros_tool/CMakeFiles/CMakeTmp'
Building CXX object CMakeFiles/cmTC_75609.dir/src.cxx.o
/usr/bin/c++     -march=sandybridge -fopenmp -Wall -Wextra -Wno-unused-parameter -Werror=address -Werror=comment -Werror=enum-compare -Werror=format -Werror=nonnull -Werror=return-type -Werror=sequence-point -Werror=strict-aliasing -Werror=switch -Werror=trigraphs -Werror=uninitialized -Werror=volatile-register-var -Werror=array-bounds=1 -Werror=openmp-simd  -Werror=bool-compare -Werror=init-self -Werror=logical-not-parentheses -Werror=memset-transposed-args -Werror=nonnull-compare -Werror=sizeof-pointer-memaccess -Werror=tautological-compare -Wno-ignored-attributes -Werror=bool-operation -Werror=memset-elt-size -faligned-new -Wno-int-in-bool-context -Wno-maybe-uninitialized -DFLAG_AVAILABLE   -fdiagnostics-color=auto -o CMakeFiles/cmTC_75609.dir/src.cxx.o -c /home/kal1-4/anicar_ws/build/demo_image_processing_ros_tool/CMakeFiles/CMakeTmp/src.cxx
Linking CXX executable cmTC_75609
/usr/bin/cmake -E cmake_link_script CMakeFiles/cmTC_75609.dir/link.txt --verbose=1
/usr/bin/c++    -march=sandybridge -fopenmp -Wall -Wextra -Wno-unused-parameter -Werror=address -Werror=comment -Werror=enum-compare -Werror=format -Werror=nonnull -Werror=return-type -Werror=sequence-point -Werror=strict-aliasing -Werror=switch -Werror=trigraphs -Werror=uninitialized -Werror=volatile-register-var -Werror=array-bounds=1 -Werror=openmp-simd  -Werror=bool-compare -Werror=init-self -Werror=logical-not-parentheses -Werror=memset-transposed-args -Werror=nonnull-compare -Werror=sizeof-pointer-memaccess -Werror=tautological-compare -Wno-ignored-attributes -Werror=bool-operation -Werror=memset-elt-size -faligned-new -Wno-int-in-bool-context -Wno-maybe-uninitialized -DFLAG_AVAILABLE    CMakeFiles/cmTC_75609.dir/src.cxx.o  -o cmTC_75609 -rdynamic 
make[1]: Leaving directory '/home/kal1-4/anicar_ws/build/demo_image_processing_ros_tool/CMakeFiles/CMakeTmp'

Source file was:
int main() { return 0; }
Determining if the include file pthread.h exists passed with the following output:
Change Dir: /home/kal1-4/anicar_ws/build/demo_image_processing_ros_tool/CMakeFiles/CMakeTmp

Run Build Command:"/usr/bin/make" "cmTC_ddf8f/fast"
/usr/bin/make -f CMakeFiles/cmTC_ddf8f.dir/build.make CMakeFiles/cmTC_ddf8f.dir/build
make[1]: Entering directory '/home/kal1-4/anicar_ws/build/demo_image_processing_ros_tool/CMakeFiles/CMakeTmp'
Building C object CMakeFiles/cmTC_ddf8f.dir/CheckIncludeFile.c.o
/usr/bin/cc    -march=sandybridge -fopenmp    -o CMakeFiles/cmTC_ddf8f.dir/CheckIncludeFile.c.o   -c /home/kal1-4/anicar_ws/build/demo_image_processing_ros_tool/CMakeFiles/CMakeTmp/CheckIncludeFile.c
Linking C executable cmTC_ddf8f
/usr/bin/cmake -E cmake_link_script CMakeFiles/cmTC_ddf8f.dir/link.txt --verbose=1
/usr/bin/cc   -march=sandybridge -fopenmp     CMakeFiles/cmTC_ddf8f.dir/CheckIncludeFile.c.o  -o cmTC_ddf8f -rdynamic 
make[1]: Leaving directory '/home/kal1-4/anicar_ws/build/demo_image_processing_ros_tool/CMakeFiles/CMakeTmp'


Determining if the pthread_create exist passed with the following output:
Change Dir: /home/kal1-4/anicar_ws/build/demo_image_processing_ros_tool/CMakeFiles/CMakeTmp

Run Build Command:"/usr/bin/make" "cmTC_cc6fe/fast"
/usr/bin/make -f CMakeFiles/cmTC_cc6fe.dir/build.make CMakeFiles/cmTC_cc6fe.dir/build
make[1]: Entering directory '/home/kal1-4/anicar_ws/build/demo_image_processing_ros_tool/CMakeFiles/CMakeTmp'
Building C object CMakeFiles/cmTC_cc6fe.dir/CheckSymbolExists.c.o
/usr/bin/cc    -march=sandybridge -fopenmp    -o CMakeFiles/cmTC_cc6fe.dir/CheckSymbolExists.c.o   -c /home/kal1-4/anicar_ws/build/demo_image_processing_ros_tool/CMakeFiles/CMakeTmp/CheckSymbolExists.c
Linking C executable cmTC_cc6fe
/usr/bin/cmake -E cmake_link_script CMakeFiles/cmTC_cc6fe.dir/link.txt --verbose=1
/usr/bin/cc   -march=sandybridge -fopenmp     CMakeFiles/cmTC_cc6fe.dir/CheckSymbolExists.c.o  -o cmTC_cc6fe -rdynamic 
make[1]: Leaving directory '/home/kal1-4/anicar_ws/build/demo_image_processing_ros_tool/CMakeFiles/CMakeTmp'

File /home/kal1-4/anicar_ws/build/demo_image_processing_ros_tool/CMakeFiles/CMakeTmp/CheckSymbolExists.c:
/* */
#include <pthread.h>

int main(int argc, char** argv)
{
  (void)argv;
#ifndef pthread_create
  return ((int*)(&pthread_create))[argc];
#else
  (void)argc;
  return 0;
#endif
}

