Determining if the pthread_create exist failed with the following output:
Change Dir: /home/kal1-4/anicar_ws/build/prosilica_driver/CMakeFiles/CMakeTmp

Run Build Command:"/usr/bin/make" "cmTC_628de/fast"
/usr/bin/make -f CMakeFiles/cmTC_628de.dir/build.make CMakeFiles/cmTC_628de.dir/build
make[1]: Entering directory '/home/kal1-4/anicar_ws/build/prosilica_driver/CMakeFiles/CMakeTmp'
Building C object CMakeFiles/cmTC_628de.dir/CheckSymbolExists.c.o
/usr/bin/cc     -o CMakeFiles/cmTC_628de.dir/CheckSymbolExists.c.o   -c /home/kal1-4/anicar_ws/build/prosilica_driver/CMakeFiles/CMakeTmp/CheckSymbolExists.c
Linking C executable cmTC_628de
/usr/bin/cmake -E cmake_link_script CMakeFiles/cmTC_628de.dir/link.txt --verbose=1
/usr/bin/cc       CMakeFiles/cmTC_628de.dir/CheckSymbolExists.c.o  -o cmTC_628de -rdynamic 
CMakeFiles/cmTC_628de.dir/CheckSymbolExists.c.o: In function `main':
CheckSymbolExists.c:(.text+0x16): undefined reference to `pthread_create'
collect2: error: ld returned 1 exit status
CMakeFiles/cmTC_628de.dir/build.make:97: recipe for target 'cmTC_628de' failed
make[1]: *** [cmTC_628de] Error 1
make[1]: Leaving directory '/home/kal1-4/anicar_ws/build/prosilica_driver/CMakeFiles/CMakeTmp'
Makefile:126: recipe for target 'cmTC_628de/fast' failed
make: *** [cmTC_628de/fast] Error 2

File /home/kal1-4/anicar_ws/build/prosilica_driver/CMakeFiles/CMakeTmp/CheckSymbolExists.c:
/* */
#include <pthread.h>

int main(int argc, char** argv)
{
  (void)argv;
#ifndef pthread_create
  return ((int*)(&pthread_create))[argc];
#else
  (void)argc;
  return 0;
#endif
}

Determining if the function pthread_create exists in the pthreads failed with the following output:
Change Dir: /home/kal1-4/anicar_ws/build/prosilica_driver/CMakeFiles/CMakeTmp

Run Build Command:"/usr/bin/make" "cmTC_60709/fast"
/usr/bin/make -f CMakeFiles/cmTC_60709.dir/build.make CMakeFiles/cmTC_60709.dir/build
make[1]: Entering directory '/home/kal1-4/anicar_ws/build/prosilica_driver/CMakeFiles/CMakeTmp'
Building C object CMakeFiles/cmTC_60709.dir/CheckFunctionExists.c.o
/usr/bin/cc    -DCHECK_FUNCTION_EXISTS=pthread_create   -o CMakeFiles/cmTC_60709.dir/CheckFunctionExists.c.o   -c /usr/share/cmake-3.5/Modules/CheckFunctionExists.c
Linking C executable cmTC_60709
/usr/bin/cmake -E cmake_link_script CMakeFiles/cmTC_60709.dir/link.txt --verbose=1
/usr/bin/cc   -DCHECK_FUNCTION_EXISTS=pthread_create    CMakeFiles/cmTC_60709.dir/CheckFunctionExists.c.o  -o cmTC_60709 -rdynamic -lpthreads 
/usr/bin/ld: cannot find -lpthreads
collect2: error: ld returned 1 exit status
CMakeFiles/cmTC_60709.dir/build.make:97: recipe for target 'cmTC_60709' failed
make[1]: *** [cmTC_60709] Error 1
make[1]: Leaving directory '/home/kal1-4/anicar_ws/build/prosilica_driver/CMakeFiles/CMakeTmp'
Makefile:126: recipe for target 'cmTC_60709/fast' failed
make: *** [cmTC_60709/fast] Error 2


