[35m[1mScanning dependencies of target gtest[0m
[ 10%] [32mBuilding CXX object gtest/gtest/CMakeFiles/gtest.dir/src/gtest-all.cc.o[0m
[35m[1mScanning dependencies of target rosgraph_msgs_generate_messages_lisp[0m
[ 10%] Built target rosgraph_msgs_generate_messages_lisp
[35m[1mScanning dependencies of target roscpp_generate_messages_lisp[0m
[ 10%] Built target roscpp_generate_messages_lisp
[35m[1mScanning dependencies of target bond_generate_messages_eus[0m
[ 10%] Built target bond_generate_messages_eus
[35m[1mScanning dependencies of target geometry_msgs_generate_messages_lisp[0m
[ 10%] Built target geometry_msgs_generate_messages_lisp
[35m[1mScanning dependencies of target roscpp_generate_messages_py[0m
[ 10%] Built target roscpp_generate_messages_py
[35m[1mScanning dependencies of target motor_interface_ros_tool_generate_messages_py[0m
[ 10%] Built target motor_interface_ros_tool_generate_messages_py
[35m[1mScanning dependencies of target motor_interface_ros_tool_generate_messages_lisp[0m
[ 10%] Built target motor_interface_ros_tool_generate_messages_lisp
[35m[1mScanning dependencies of target rosgraph_msgs_generate_messages_eus[0m
[ 10%] Built target rosgraph_msgs_generate_messages_eus
[35m[1mScanning dependencies of target motor_interface_ros_tool_generate_messages_eus[0m
[ 10%] Built target motor_interface_ros_tool_generate_messages_eus
[35m[1mScanning dependencies of target motor_interface_ros_tool_generate_messages_nodejs[0m
[ 10%] Built target motor_interface_ros_tool_generate_messages_nodejs
[35m[1mScanning dependencies of target actionlib_msgs_generate_messages_cpp[0m
[ 10%] Built target actionlib_msgs_generate_messages_cpp
[35m[1mScanning dependencies of target geometry_msgs_generate_messages_py[0m
[ 10%] Built target geometry_msgs_generate_messages_py
[35m[1mScanning dependencies of target std_msgs_generate_messages_py[0m
[ 10%] Built target std_msgs_generate_messages_py
[35m[1mScanning dependencies of target dynamic_reconfigure_generate_messages_cpp[0m
[ 10%] Built target dynamic_reconfigure_generate_messages_cpp
[35m[1mScanning dependencies of target rosgraph_msgs_generate_messages_cpp[0m
[ 10%] Built target rosgraph_msgs_generate_messages_cpp
[35m[1mScanning dependencies of target rosgraph_msgs_generate_messages_nodejs[0m
[ 10%] Built target rosgraph_msgs_generate_messages_nodejs
[35m[1mScanning dependencies of target std_msgs_generate_messages_eus[0m
[ 10%] Built target std_msgs_generate_messages_eus
[35m[1mScanning dependencies of target std_msgs_generate_messages_cpp[0m
[ 10%] Built target std_msgs_generate_messages_cpp
[35m[1mScanning dependencies of target motor_interface_ros_tool_generate_messages_cpp[0m
[ 10%] Built target motor_interface_ros_tool_generate_messages_cpp
[35m[1mScanning dependencies of target nodelet_generate_messages_py[0m
[ 10%] Built target nodelet_generate_messages_py
[35m[1mScanning dependencies of target actionlib_msgs_generate_messages_nodejs[0m
[ 10%] Built target actionlib_msgs_generate_messages_nodejs
[35m[1mScanning dependencies of target roscpp_generate_messages_cpp[0m
[ 10%] Built target roscpp_generate_messages_cpp
[35m[1mScanning dependencies of target actionlib_generate_messages_cpp[0m
[ 10%] Built target actionlib_generate_messages_cpp
[35m[1mScanning dependencies of target geometry_msgs_generate_messages_nodejs[0m
[ 10%] Built target geometry_msgs_generate_messages_nodejs
[35m[1mScanning dependencies of target dynamic_reconfigure_generate_messages_lisp[0m
[ 10%] Built target dynamic_reconfigure_generate_messages_lisp
[35m[1mScanning dependencies of target dynamic_reconfigure_generate_messages_nodejs[0m
[ 10%] Built target dynamic_reconfigure_generate_messages_nodejs
[35m[1mScanning dependencies of target dynamic_reconfigure_generate_messages_py[0m
[ 10%] Built target dynamic_reconfigure_generate_messages_py
[35m[1mScanning dependencies of target roscpp_generate_messages_nodejs[0m
[ 10%] Built target roscpp_generate_messages_nodejs
[35m[1mScanning dependencies of target std_msgs_generate_messages_lisp[0m
[ 10%] Built target std_msgs_generate_messages_lisp
[35m[1mScanning dependencies of target dynamic_reconfigure_generate_messages_eus[0m
[ 10%] Built target dynamic_reconfigure_generate_messages_eus
[35m[1mScanning dependencies of target bond_generate_messages_lisp[0m
[ 10%] Built target bond_generate_messages_lisp
[35m[1mScanning dependencies of target nodelet_generate_messages_cpp[0m
[ 10%] Built target nodelet_generate_messages_cpp
[35m[1mScanning dependencies of target bond_generate_messages_py[0m
[ 10%] Built target bond_generate_messages_py
[35m[1mScanning dependencies of target geometry_msgs_generate_messages_cpp[0m
[ 10%] Built target geometry_msgs_generate_messages_cpp
[35m[1mScanning dependencies of target actionlib_generate_messages_lisp[0m
[ 10%] Built target actionlib_generate_messages_lisp
[35m[1mScanning dependencies of target nodelet_generate_messages_eus[0m
[ 10%] Built target nodelet_generate_messages_eus
[35m[1mScanning dependencies of target nodelet_generate_messages_lisp[0m
[ 10%] Built target nodelet_generate_messages_lisp
[35m[1mScanning dependencies of target roscpp_generate_messages_eus[0m
[ 10%] Built target roscpp_generate_messages_eus
[35m[1mScanning dependencies of target rosgraph_msgs_generate_messages_py[0m
[ 10%] Built target rosgraph_msgs_generate_messages_py
[35m[1mScanning dependencies of target actionlib_msgs_generate_messages_eus[0m
[ 10%] Built target actionlib_msgs_generate_messages_eus
[35m[1mScanning dependencies of target nodelet_generate_messages_nodejs[0m
[ 10%] Built target nodelet_generate_messages_nodejs
[35m[1mScanning dependencies of target bond_generate_messages_cpp[0m
[ 10%] Built target bond_generate_messages_cpp
[35m[1mScanning dependencies of target bond_generate_messages_nodejs[0m
[ 10%] Built target bond_generate_messages_nodejs
[35m[1mScanning dependencies of target actionlib_generate_messages_eus[0m
[ 10%] Built target actionlib_generate_messages_eus
[35m[1mScanning dependencies of target actionlib_generate_messages_nodejs[0m
[ 10%] Built target actionlib_generate_messages_nodejs
[35m[1mScanning dependencies of target actionlib_msgs_generate_messages_py[0m
[ 10%] Built target actionlib_msgs_generate_messages_py
[35m[1mScanning dependencies of target tf2_msgs_generate_messages_cpp[0m
[ 10%] Built target tf2_msgs_generate_messages_cpp
[35m[1mScanning dependencies of target tf2_msgs_generate_messages_eus[0m
[ 10%] Built target tf2_msgs_generate_messages_eus
[35m[1mScanning dependencies of target dynamic_reconfigure_gencfg[0m
[ 10%] Built target dynamic_reconfigure_gencfg
[35m[1mScanning dependencies of target tf2_msgs_generate_messages_lisp[0m
[ 10%] Built target tf2_msgs_generate_messages_lisp
[35m[1mScanning dependencies of target actionlib_generate_messages_py[0m
[ 10%] Built target actionlib_generate_messages_py
[35m[1mScanning dependencies of target tf2_msgs_generate_messages_py[0m
[ 10%] Built target tf2_msgs_generate_messages_py
[35m[1mScanning dependencies of target geometry_msgs_generate_messages_eus[0m
[ 10%] Built target geometry_msgs_generate_messages_eus
[35m[1mScanning dependencies of target tf2_msgs_generate_messages_nodejs[0m
[ 10%] Built target tf2_msgs_generate_messages_nodejs
[35m[1mScanning dependencies of target anicar_lateral_control_ros_tool_genparam[0m
[ 20%] [34m[1mGenerating parameter files from LateralController[0m
['gen.add(name = \'kos_shift\', paramtype = \'double\', level = 0, description = \'shift kos to point which stays on trajectory\', edit_method="", default=0.34, min=0, max=1)', 'gen.add(name = \'index_shift\', paramtype = \'int\', level = 0, description = \'Index shift of lookahead point\', edit_method="", default=10, min=0, max=50)', 'gen.add(name = \'ii_off\', paramtype = \'int\', level = 0, description = \'+/- index offset for curvature approx.\', edit_method="", default=12, min=0, max=20)', 'gen.add(name = \'wheel_base\', paramtype = \'double\', level = 0, description = \'wheelbase of anicar\', edit_method="", default=0.52, min=0, max=1)', 'gen.add(name = \'k_ang\', paramtype = \'double\', level = 0, description = \'Angle weight\', edit_method="", default=2.5, min=0, max=10)', 'gen.add(name = \'k_dist\', paramtype = \'double\', level = 0, description = \'Dist weight\', edit_method="", default=5.0, min=0, max=10)']
[ 20%] Built target anicar_lateral_control_ros_tool_genparam
[35m[1mScanning dependencies of target actionlib_msgs_generate_messages_lisp[0m
[ 20%] Built target actionlib_msgs_generate_messages_lisp
[35m[1mScanning dependencies of target std_msgs_generate_messages_nodejs[0m
[ 20%] Built target std_msgs_generate_messages_nodejs
[35m[1mScanning dependencies of target anicar_lateral_control_ros_tool_gencfg[0m
[ 30%] [34m[1mGenerating dynamic reconfigure files from /home/kal1-4/anicar_ws/devel/.private/anicar_lateral_control_ros_tool/share/anicar_lateral_control_ros_tool/cfg/LateralController.cfg: /home/kal1-4/anicar_ws/devel/.private/anicar_lateral_control_ros_tool/include/anicar_lateral_control_ros_tool/LateralControllerConfig.h /home/kal1-4/anicar_ws/devel/.private/anicar_lateral_control_ros_tool/lib/python2.7/dist-packages/anicar_lateral_control_ros_tool/cfg/LateralControllerConfig.py[0m
Generating reconfiguration files for LateralController in anicar_lateral_control_ros_tool
Wrote header file in /home/kal1-4/anicar_ws/devel/.private/anicar_lateral_control_ros_tool/include/anicar_lateral_control_ros_tool/LateralControllerConfig.h
[ 40%] Built target anicar_lateral_control_ros_tool_gencfg
[ 50%] [32m[1mLinking CXX shared library libgtest.so[0m
[ 50%] Built target gtest
[35m[1mScanning dependencies of target anicar_lateral_control_ros_tool-lateral_controller-nodelet[0m
[ 60%] [32mBuilding CXX object CMakeFiles/anicar_lateral_control_ros_tool-lateral_controller-nodelet.dir/src/lateral_controller/lateral_controller.cpp.o[0m
[ 70%] [32mBuilding CXX object CMakeFiles/anicar_lateral_control_ros_tool-lateral_controller-nodelet.dir/src/lateral_controller/lateral_controller_nodelet.cpp.o[0m
[ 80%] [32m[1mLinking CXX shared library /home/kal1-4/anicar_ws/devel/.private/anicar_lateral_control_ros_tool/lib/liblateral_controller_nodelet.so[0m
[ 80%] Built target anicar_lateral_control_ros_tool-lateral_controller-nodelet
[35m[1mScanning dependencies of target anicar_lateral_control_ros_tool-lateral_controller-exec[0m
[ 90%] [32mBuilding CXX object CMakeFiles/anicar_lateral_control_ros_tool-lateral_controller-exec.dir/src/lateral_controller/lateral_controller_node.cpp.o[0m
[100%] [32m[1mLinking CXX executable /home/kal1-4/anicar_ws/devel/.private/anicar_lateral_control_ros_tool/lib/anicar_lateral_control_ros_tool/lateral_controller[0m
[100%] Built target anicar_lateral_control_ros_tool-lateral_controller-exec
