[35m[1mScanning dependencies of target gtest[0m
[ 10%] [32mBuilding CXX object gtest/gtest/CMakeFiles/gtest.dir/src/gtest-all.cc.o[0m
[35m[1mScanning dependencies of target anicar_longitudinal_control_ros_tool_genparam[0m
[ 20%] [34m[1mGenerating parameter files from LongitudinalController[0m
['gen.add(name = \'velocity\', paramtype = \'double\', level = 0, description = \'vehicle velocity\', edit_method="", default=0.5, min=0.0, max=2.0)']
[ 20%] Built target anicar_longitudinal_control_ros_tool_genparam
[35m[1mScanning dependencies of target bond_generate_messages_nodejs[0m
[ 20%] Built target bond_generate_messages_nodejs
[35m[1mScanning dependencies of target bond_generate_messages_cpp[0m
[ 20%] Built target bond_generate_messages_cpp
[35m[1mScanning dependencies of target nodelet_generate_messages_nodejs[0m
[ 20%] Built target nodelet_generate_messages_nodejs
[35m[1mScanning dependencies of target nodelet_generate_messages_lisp[0m
[ 20%] Built target nodelet_generate_messages_lisp
[35m[1mScanning dependencies of target rosinterface_handler_gencfg[0m
[ 20%] Built target rosinterface_handler_gencfg
[35m[1mScanning dependencies of target rosinterface_handler_geninterface[0m
[ 20%] Built target rosinterface_handler_geninterface
[35m[1mScanning dependencies of target nodelet_generate_messages_eus[0m
[ 20%] Built target nodelet_generate_messages_eus
[35m[1mScanning dependencies of target bond_generate_messages_py[0m
[ 20%] Built target bond_generate_messages_py
[35m[1mScanning dependencies of target nodelet_generate_messages_cpp[0m
[ 20%] Built target nodelet_generate_messages_cpp
[35m[1mScanning dependencies of target bond_generate_messages_lisp[0m
[ 20%] Built target bond_generate_messages_lisp
[35m[1mScanning dependencies of target std_msgs_generate_messages_nodejs[0m
[ 20%] Built target std_msgs_generate_messages_nodejs
[35m[1mScanning dependencies of target dynamic_reconfigure_generate_messages_eus[0m
[ 20%] Built target dynamic_reconfigure_generate_messages_eus
[35m[1mScanning dependencies of target std_msgs_generate_messages_lisp[0m
[ 20%] Built target std_msgs_generate_messages_lisp
[35m[1mScanning dependencies of target dynamic_reconfigure_generate_messages_py[0m
[ 20%] Built target dynamic_reconfigure_generate_messages_py
[35m[1mScanning dependencies of target dynamic_reconfigure_gencfg[0m
[ 20%] Built target dynamic_reconfigure_gencfg
[35m[1mScanning dependencies of target dynamic_reconfigure_generate_messages_nodejs[0m
[ 20%] Built target dynamic_reconfigure_generate_messages_nodejs
[35m[1mScanning dependencies of target dynamic_reconfigure_generate_messages_lisp[0m
[ 20%] Built target dynamic_reconfigure_generate_messages_lisp
[35m[1mScanning dependencies of target roscpp_generate_messages_cpp[0m
[ 20%] Built target roscpp_generate_messages_cpp
[35m[1mScanning dependencies of target anicar_longitudinal_control_ros_tool_gencfg[0m
[ 30%] [34m[1mGenerating dynamic reconfigure files from /home/kal1-4/anicar_ws/devel/.private/anicar_longitudinal_control_ros_tool/share/anicar_longitudinal_control_ros_tool/cfg/LongitudinalController.cfg: /home/kal1-4/anicar_ws/devel/.private/anicar_longitudinal_control_ros_tool/include/anicar_longitudinal_control_ros_tool/LongitudinalControllerConfig.h /home/kal1-4/anicar_ws/devel/.private/anicar_longitudinal_control_ros_tool/lib/python2.7/dist-packages/anicar_longitudinal_control_ros_tool/cfg/LongitudinalControllerConfig.py[0m
Generating reconfiguration files for LongitudinalController in anicar_longitudinal_control_ros_tool
Wrote header file in /home/kal1-4/anicar_ws/devel/.private/anicar_longitudinal_control_ros_tool/include/anicar_longitudinal_control_ros_tool/LongitudinalControllerConfig.h
[ 40%] Built target anicar_longitudinal_control_ros_tool_gencfg
[35m[1mScanning dependencies of target nodelet_generate_messages_py[0m
[ 40%] Built target nodelet_generate_messages_py
[35m[1mScanning dependencies of target std_msgs_generate_messages_cpp[0m
[ 40%] Built target std_msgs_generate_messages_cpp
[35m[1mScanning dependencies of target std_msgs_generate_messages_eus[0m
[ 40%] Built target std_msgs_generate_messages_eus
[35m[1mScanning dependencies of target rosgraph_msgs_generate_messages_nodejs[0m
[ 40%] Built target rosgraph_msgs_generate_messages_nodejs
[35m[1mScanning dependencies of target rosgraph_msgs_generate_messages_py[0m
[ 40%] Built target rosgraph_msgs_generate_messages_py
[35m[1mScanning dependencies of target rosgraph_msgs_generate_messages_cpp[0m
[ 40%] Built target rosgraph_msgs_generate_messages_cpp
[35m[1mScanning dependencies of target dynamic_reconfigure_generate_messages_cpp[0m
[ 40%] Built target dynamic_reconfigure_generate_messages_cpp
[35m[1mScanning dependencies of target std_msgs_generate_messages_py[0m
[ 40%] Built target std_msgs_generate_messages_py
[35m[1mScanning dependencies of target geometry_msgs_generate_messages_py[0m
[ 40%] Built target geometry_msgs_generate_messages_py
[35m[1mScanning dependencies of target motor_interface_ros_tool_generate_messages_cpp[0m
[ 40%] Built target motor_interface_ros_tool_generate_messages_cpp
[35m[1mScanning dependencies of target motor_interface_ros_tool_generate_messages_nodejs[0m
[ 40%] Built target motor_interface_ros_tool_generate_messages_nodejs
[35m[1mScanning dependencies of target motor_interface_ros_tool_generate_messages_eus[0m
[ 40%] Built target motor_interface_ros_tool_generate_messages_eus
[35m[1mScanning dependencies of target rosgraph_msgs_generate_messages_eus[0m
[ 40%] Built target rosgraph_msgs_generate_messages_eus
[35m[1mScanning dependencies of target motor_interface_ros_tool_generate_messages_lisp[0m
[ 40%] Built target motor_interface_ros_tool_generate_messages_lisp
[35m[1mScanning dependencies of target motor_interface_ros_tool_generate_messages_py[0m
[ 40%] Built target motor_interface_ros_tool_generate_messages_py
[35m[1mScanning dependencies of target bond_generate_messages_eus[0m
[ 40%] Built target bond_generate_messages_eus
[35m[1mScanning dependencies of target roscpp_generate_messages_lisp[0m
[ 40%] Built target roscpp_generate_messages_lisp
[35m[1mScanning dependencies of target geometry_msgs_generate_messages_nodejs[0m
[ 40%] Built target geometry_msgs_generate_messages_nodejs
[35m[1mScanning dependencies of target roscpp_generate_messages_py[0m
[ 40%] Built target roscpp_generate_messages_py
[35m[1mScanning dependencies of target roscpp_generate_messages_nodejs[0m
[ 40%] Built target roscpp_generate_messages_nodejs
[35m[1mScanning dependencies of target roscpp_generate_messages_eus[0m
[ 40%] Built target roscpp_generate_messages_eus
[35m[1mScanning dependencies of target geometry_msgs_generate_messages_eus[0m
[ 40%] Built target geometry_msgs_generate_messages_eus
[35m[1mScanning dependencies of target rosgraph_msgs_generate_messages_lisp[0m
[ 40%] Built target rosgraph_msgs_generate_messages_lisp
[35m[1mScanning dependencies of target geometry_msgs_generate_messages_cpp[0m
[ 40%] Built target geometry_msgs_generate_messages_cpp
[35m[1mScanning dependencies of target geometry_msgs_generate_messages_lisp[0m
[ 40%] Built target geometry_msgs_generate_messages_lisp
[ 50%] [32m[1mLinking CXX shared library libgtest.so[0m
[ 50%] Built target gtest
[35m[1mScanning dependencies of target anicar_longitudinal_control_ros_tool-longitudinal_controller-nodelet[0m
[ 60%] [32mBuilding CXX object CMakeFiles/anicar_longitudinal_control_ros_tool-longitudinal_controller-nodelet.dir/src/longitudinal_controller/longitudinal_controller.cpp.o[0m
[ 70%] [32mBuilding CXX object CMakeFiles/anicar_longitudinal_control_ros_tool-longitudinal_controller-nodelet.dir/src/longitudinal_controller/longitudinal_controller_nodelet.cpp.o[0m
[ 80%] [32m[1mLinking CXX shared library /home/kal1-4/anicar_ws/devel/.private/anicar_longitudinal_control_ros_tool/lib/liblongitudinal_controller_nodelet.so[0m
[ 80%] Built target anicar_longitudinal_control_ros_tool-longitudinal_controller-nodelet
[35m[1mScanning dependencies of target anicar_longitudinal_control_ros_tool-longitudinal_controller-exec[0m
[ 90%] [32mBuilding CXX object CMakeFiles/anicar_longitudinal_control_ros_tool-longitudinal_controller-exec.dir/src/longitudinal_controller/longitudinal_controller_node.cpp.o[0m
[100%] [32m[1mLinking CXX executable /home/kal1-4/anicar_ws/devel/.private/anicar_longitudinal_control_ros_tool/lib/anicar_longitudinal_control_ros_tool/longitudinal_controller[0m
[100%] Built target anicar_longitudinal_control_ros_tool-longitudinal_controller-exec
