[35m[1mScanning dependencies of target gtest[0m
[ 20%] [32mBuilding CXX object gtest/gtest/CMakeFiles/gtest.dir/src/gtest-all.cc.o[0m
[35m[1mScanning dependencies of target _catkin_empty_exported_target[0m
[ 20%] Built target _catkin_empty_exported_target
[ 40%] [32m[1mLinking CXX shared library libgtest.so[0m
[ 40%] Built target gtest
[35m[1mScanning dependencies of target motor_interface[0m
[ 60%] [32mBuilding CXX object CMakeFiles/motor_interface.dir/src/EPOS.cpp.o[0m
[ 80%] [32mBuilding CXX object CMakeFiles/motor_interface.dir/src/IOWarriorIIC.cpp.o[0m
[01m[K/home/kal1-4/anicar_ws/src/motor_interface/src/EPOS.cpp:[m[K In constructor ‘[01m[Kmotor_interface::EPOS::EPOS(const char*)[m[K’:
[01m[K/home/kal1-4/anicar_ws/src/motor_interface/src/EPOS.cpp:232:17:[m[K [01;35m[Kwarning: [m[Kthis statement may fall through [[01;35m[K-Wimplicit-fallthrough=[m[K]
           [01;35m[Kusleep(1000000)[m[K;
           [01;35m[K~~~~~~^~~~~~~~~[m[K
[01m[K/home/kal1-4/anicar_ws/src/motor_interface/src/EPOS.cpp:233:9:[m[K [01;36m[Knote: [m[Khere
         [01;36m[Kcase[m[K fault:
         [01;36m[K^~~~[m[K
[01m[K/home/kal1-4/anicar_ws/src/motor_interface/src/EPOS.cpp:235:17:[m[K [01;35m[Kwarning: [m[Kthis statement may fall through [[01;35m[K-Wimplicit-fallthrough=[m[K]
           [01;35m[Kusleep(1000000)[m[K;
           [01;35m[K~~~~~~^~~~~~~~~[m[K
[01m[K/home/kal1-4/anicar_ws/src/motor_interface/src/EPOS.cpp:236:9:[m[K [01;36m[Knote: [m[Khere
         [01;36m[Kdefault[m[K:
         [01;36m[K^~~~~~~[m[K
[01m[K/home/kal1-4/anicar_ws/src/motor_interface/src/EPOS.cpp:240:17:[m[K [01;35m[Kwarning: [m[Kthis statement may fall through [[01;35m[K-Wimplicit-fallthrough=[m[K]
           [01;35m[Kusleep(1000000)[m[K;
           [01;35m[K~~~~~~^~~~~~~~~[m[K
[01m[K/home/kal1-4/anicar_ws/src/motor_interface/src/EPOS.cpp:241:9:[m[K [01;36m[Knote: [m[Khere
         [01;36m[Kcase[m[K quickStopActive:
         [01;36m[K^~~~[m[K
[100%] [32m[1mLinking CXX shared library /home/kal1-4/anicar_ws/devel/.private/motor_interface/lib/libmotor_interface.so[0m
[100%] Built target motor_interface
