[35m[1mScanning dependencies of target _motor_interface_ros_tool_generate_messages_check_deps_MotorCommand[0m
[35m[1mScanning dependencies of target gtest[0m
[35m[1mScanning dependencies of target _motor_interface_ros_tool_generate_messages_check_deps_Activation[0m
[  4%] [32mBuilding CXX object gtest/gtest/CMakeFiles/gtest.dir/src/gtest-all.cc.o[0m
[  4%] Built target _motor_interface_ros_tool_generate_messages_check_deps_MotorCommand
[  4%] Built target _motor_interface_ros_tool_generate_messages_check_deps_Activation
[35m[1mScanning dependencies of target _motor_interface_ros_tool_generate_messages_check_deps_ServoCommand[0m
[  4%] Built target _motor_interface_ros_tool_generate_messages_check_deps_ServoCommand
[35m[1mScanning dependencies of target std_msgs_generate_messages_py[0m
[  4%] Built target std_msgs_generate_messages_py
[35m[1mScanning dependencies of target std_msgs_generate_messages_lisp[0m
[  4%] Built target std_msgs_generate_messages_lisp
[35m[1mScanning dependencies of target std_msgs_generate_messages_nodejs[0m
[  4%] Built target std_msgs_generate_messages_nodejs
[35m[1mScanning dependencies of target std_msgs_generate_messages_eus[0m
[  4%] Built target std_msgs_generate_messages_eus
[35m[1mScanning dependencies of target rosgraph_msgs_generate_messages_nodejs[0m
[  4%] Built target rosgraph_msgs_generate_messages_nodejs
[35m[1mScanning dependencies of target rosgraph_msgs_generate_messages_py[0m
[  4%] Built target rosgraph_msgs_generate_messages_py
[35m[1mScanning dependencies of target rosgraph_msgs_generate_messages_lisp[0m
[  4%] Built target rosgraph_msgs_generate_messages_lisp
[35m[1mScanning dependencies of target rosgraph_msgs_generate_messages_eus[0m
[  4%] Built target rosgraph_msgs_generate_messages_eus
[35m[1mScanning dependencies of target rosgraph_msgs_generate_messages_cpp[0m
[  4%] Built target rosgraph_msgs_generate_messages_cpp
[35m[1mScanning dependencies of target roscpp_generate_messages_py[0m
[  4%] Built target roscpp_generate_messages_py
[35m[1mScanning dependencies of target bond_generate_messages_cpp[0m
[  4%] Built target bond_generate_messages_cpp
[35m[1mScanning dependencies of target geometry_msgs_generate_messages_eus[0m
[  4%] Built target geometry_msgs_generate_messages_eus
[35m[1mScanning dependencies of target roscpp_generate_messages_nodejs[0m
[  4%] Built target roscpp_generate_messages_nodejs
[35m[1mScanning dependencies of target roscpp_generate_messages_eus[0m
[  4%] Built target roscpp_generate_messages_eus
[35m[1mScanning dependencies of target roscpp_generate_messages_cpp[0m
[  4%] Built target roscpp_generate_messages_cpp
[35m[1mScanning dependencies of target bond_generate_messages_eus[0m
[  4%] Built target bond_generate_messages_eus
[35m[1mScanning dependencies of target roscpp_generate_messages_lisp[0m
[  4%] Built target roscpp_generate_messages_lisp
[35m[1mScanning dependencies of target geometry_msgs_generate_messages_nodejs[0m
[  4%] Built target geometry_msgs_generate_messages_nodejs
[35m[1mScanning dependencies of target nodelet_generate_messages_cpp[0m
[  4%] Built target nodelet_generate_messages_cpp
[35m[1mScanning dependencies of target bond_generate_messages_py[0m
[  4%] Built target bond_generate_messages_py
[35m[1mScanning dependencies of target nodelet_generate_messages_lisp[0m
[  4%] Built target nodelet_generate_messages_lisp
[35m[1mScanning dependencies of target geometry_msgs_generate_messages_cpp[0m
[  4%] Built target geometry_msgs_generate_messages_cpp
[35m[1mScanning dependencies of target geometry_msgs_generate_messages_lisp[0m
[35m[1mScanning dependencies of target std_msgs_generate_messages_cpp[0m
[  4%] Built target geometry_msgs_generate_messages_lisp
[  4%] Built target std_msgs_generate_messages_cpp
[35m[1mScanning dependencies of target geometry_msgs_generate_messages_py[0m
[35m[1mScanning dependencies of target nodelet_generate_messages_eus[0m
[  4%] Built target geometry_msgs_generate_messages_py
[35m[1mScanning dependencies of target nodelet_generate_messages_nodejs[0m
[  4%] Built target nodelet_generate_messages_eus
[  4%] Built target nodelet_generate_messages_nodejs
[35m[1mScanning dependencies of target nodelet_generate_messages_py[0m
[35m[1mScanning dependencies of target bond_generate_messages_nodejs[0m
[  4%] Built target nodelet_generate_messages_py
[  4%] Built target bond_generate_messages_nodejs
[35m[1mScanning dependencies of target bond_generate_messages_lisp[0m
[35m[1mScanning dependencies of target motor_interface_ros_tool_generate_messages_py[0m
[  4%] Built target bond_generate_messages_lisp
[  9%] [34m[1mGenerating Python from MSG motor_interface_ros_tool/ServoCommand[0m
[ 13%] [34m[1mGenerating Python from MSG motor_interface_ros_tool/MotorCommand[0m
[ 18%] [34m[1mGenerating Python code from SRV motor_interface_ros_tool/Activation[0m
[35m[1mScanning dependencies of target motor_interface_ros_tool_generate_messages_lisp[0m
[ 22%] [34m[1mGenerating Lisp code from motor_interface_ros_tool/ServoCommand.msg[0m
[ 27%] [34m[1mGenerating Lisp code from motor_interface_ros_tool/MotorCommand.msg[0m
[ 31%] [34m[1mGenerating Python msg __init__.py for motor_interface_ros_tool[0m
[ 36%] [34m[1mGenerating Lisp code from motor_interface_ros_tool/Activation.srv[0m
[ 40%] [34m[1mGenerating Python srv __init__.py for motor_interface_ros_tool[0m
[ 40%] Built target motor_interface_ros_tool_generate_messages_lisp
[35m[1mScanning dependencies of target motor_interface_ros_tool_generate_messages_nodejs[0m
[ 45%] [34m[1mGenerating Javascript code from motor_interface_ros_tool/ServoCommand.msg[0m
[ 45%] Built target motor_interface_ros_tool_generate_messages_py
[ 50%] [34m[1mGenerating Javascript code from motor_interface_ros_tool/MotorCommand.msg[0m
[35m[1mScanning dependencies of target motor_interface_ros_tool_generate_messages_eus[0m
[ 54%] [34m[1mGenerating EusLisp code from motor_interface_ros_tool/ServoCommand.msg[0m
[ 59%] [34m[1mGenerating Javascript code from motor_interface_ros_tool/Activation.srv[0m
[ 59%] Built target motor_interface_ros_tool_generate_messages_nodejs
[35m[1mScanning dependencies of target motor_interface_ros_tool_generate_messages_cpp[0m
[ 63%] [34m[1mGenerating EusLisp code from motor_interface_ros_tool/MotorCommand.msg[0m
[ 68%] [34m[1mGenerating C++ code from motor_interface_ros_tool/ServoCommand.msg[0m
[ 72%] [34m[1mGenerating EusLisp code from motor_interface_ros_tool/Activation.srv[0m
[ 77%] [34m[1mGenerating C++ code from motor_interface_ros_tool/MotorCommand.msg[0m
[ 81%] [34m[1mGenerating EusLisp manifest code for motor_interface_ros_tool[0m
[ 86%] [34m[1mGenerating C++ code from motor_interface_ros_tool/Activation.srv[0m
[ 86%] Built target motor_interface_ros_tool_generate_messages_cpp
[ 86%] Built target motor_interface_ros_tool_generate_messages_eus
[35m[1mScanning dependencies of target motor_interface_ros_tool_generate_messages[0m
[ 86%] Built target motor_interface_ros_tool_generate_messages
[ 90%] [32m[1mLinking CXX shared library libgtest.so[0m
[ 90%] Built target gtest
[35m[1mScanning dependencies of target motor_interface_ros_tool-motor_interface-exec[0m
[ 95%] [32mBuilding CXX object CMakeFiles/motor_interface_ros_tool-motor_interface-exec.dir/src/motor_interface/motor_interface_node.cpp.o[0m
[100%] [32m[1mLinking CXX executable /home/kal1-4/anicar_ws/devel/.private/motor_interface_ros_tool/lib/motor_interface_ros_tool/motor_interface[0m
[100%] Built target motor_interface_ros_tool-motor_interface-exec
