Symlinking /home/kal1-4/anicar_ws/devel/share/common-lisp/ros/motor_interface_ros_tool/srv/_package_Activation.lisp
Symlinking /home/kal1-4/anicar_ws/devel/share/common-lisp/ros/motor_interface_ros_tool/srv/motor_interface_ros_tool-srv.asd
Symlinking /home/kal1-4/anicar_ws/devel/share/common-lisp/ros/motor_interface_ros_tool/srv/Activation.lisp
Symlinking /home/kal1-4/anicar_ws/devel/share/common-lisp/ros/motor_interface_ros_tool/srv/_package.lisp
Symlinking /home/kal1-4/anicar_ws/devel/share/common-lisp/ros/motor_interface_ros_tool/msg/MotorCommand.lisp
Symlinking /home/kal1-4/anicar_ws/devel/share/common-lisp/ros/motor_interface_ros_tool/msg/ServoCommand.lisp
Symlinking /home/kal1-4/anicar_ws/devel/share/common-lisp/ros/motor_interface_ros_tool/msg/_package_MotorCommand.lisp
Symlinking /home/kal1-4/anicar_ws/devel/share/common-lisp/ros/motor_interface_ros_tool/msg/motor_interface_ros_tool-msg.asd
Symlinking /home/kal1-4/anicar_ws/devel/share/common-lisp/ros/motor_interface_ros_tool/msg/_package.lisp
Symlinking /home/kal1-4/anicar_ws/devel/share/common-lisp/ros/motor_interface_ros_tool/msg/_package_ServoCommand.lisp
Symlinking /home/kal1-4/anicar_ws/devel/share/roseus/ros/motor_interface_ros_tool/manifest.l
Symlinking /home/kal1-4/anicar_ws/devel/share/roseus/ros/motor_interface_ros_tool/srv/Activation.l
Symlinking /home/kal1-4/anicar_ws/devel/share/roseus/ros/motor_interface_ros_tool/msg/ServoCommand.l
Symlinking /home/kal1-4/anicar_ws/devel/share/roseus/ros/motor_interface_ros_tool/msg/MotorCommand.l
Symlinking /home/kal1-4/anicar_ws/devel/share/motor_interface_ros_tool/cmake/motor_interface_ros_tool-msg-paths.cmake
Symlinking /home/kal1-4/anicar_ws/devel/share/motor_interface_ros_tool/cmake/motor_interface_ros_toolConfig.cmake
Symlinking /home/kal1-4/anicar_ws/devel/share/motor_interface_ros_tool/cmake/motor_interface_ros_tool-msg-extras.cmake
Symlinking /home/kal1-4/anicar_ws/devel/share/motor_interface_ros_tool/cmake/motor_interface_ros_toolConfig-version.cmake
Symlinking /home/kal1-4/anicar_ws/devel/share/gennodejs/ros/motor_interface_ros_tool/_index.js
Symlinking /home/kal1-4/anicar_ws/devel/share/gennodejs/ros/motor_interface_ros_tool/srv/Activation.js
Symlinking /home/kal1-4/anicar_ws/devel/share/gennodejs/ros/motor_interface_ros_tool/srv/_index.js
Symlinking /home/kal1-4/anicar_ws/devel/share/gennodejs/ros/motor_interface_ros_tool/msg/_index.js
Symlinking /home/kal1-4/anicar_ws/devel/share/gennodejs/ros/motor_interface_ros_tool/msg/MotorCommand.js
Symlinking /home/kal1-4/anicar_ws/devel/share/gennodejs/ros/motor_interface_ros_tool/msg/ServoCommand.js
Symlinking /home/kal1-4/anicar_ws/devel/include/motor_interface_ros_tool/ActivationRequest.h
Symlinking /home/kal1-4/anicar_ws/devel/include/motor_interface_ros_tool/Activation.h
Symlinking /home/kal1-4/anicar_ws/devel/include/motor_interface_ros_tool/MotorCommand.h
Symlinking /home/kal1-4/anicar_ws/devel/include/motor_interface_ros_tool/ActivationResponse.h
Symlinking /home/kal1-4/anicar_ws/devel/include/motor_interface_ros_tool/ServoCommand.h
Symlinking /home/kal1-4/anicar_ws/devel/lib/pkgconfig/motor_interface_ros_tool.pc
Symlinking /home/kal1-4/anicar_ws/devel/lib/python2.7/dist-packages/motor_interface_ros_tool/__init__.py
Symlinking /home/kal1-4/anicar_ws/devel/lib/python2.7/dist-packages/motor_interface_ros_tool/srv/__init__.py
Symlinking /home/kal1-4/anicar_ws/devel/lib/python2.7/dist-packages/motor_interface_ros_tool/srv/_Activation.py
Symlinking /home/kal1-4/anicar_ws/devel/lib/python2.7/dist-packages/motor_interface_ros_tool/msg/__init__.py
Symlinking /home/kal1-4/anicar_ws/devel/lib/python2.7/dist-packages/motor_interface_ros_tool/msg/_ServoCommand.py
Symlinking /home/kal1-4/anicar_ws/devel/lib/python2.7/dist-packages/motor_interface_ros_tool/msg/_MotorCommand.py
Symlinking /home/kal1-4/anicar_ws/devel/lib/motor_interface_ros_tool/motor_interface
