[35m[1mScanning dependencies of target path_generator_ros_tool_gencfg[0m
[35m[1mScanning dependencies of target gtest[0m
[ 20%] [34m[1mGenerating interface files from PathGenerator[0m
[ 20%] [32mBuilding CXX object gtest/gtest/CMakeFiles/gtest.dir/src/gtest-all.cc.o[0m
Generating interface file for node path_generator (class PathGenerator) in package path_generator_ros_tool
[ 30%] [34m[1mGenerating dynamic reconfigure files from /home/kal1-4/anicar_ws/devel/.private/path_generator_ros_tool/share/path_generator_ros_tool/cfg/PathGenerator.cfg: /home/kal1-4/anicar_ws/devel/.private/path_generator_ros_tool/include/path_generator_ros_tool/PathGeneratorConfig.h /home/kal1-4/anicar_ws/devel/.private/path_generator_ros_tool/lib/python2.7/dist-packages/path_generator_ros_tool/cfg/PathGeneratorConfig.py[0m
Generating reconfiguration files for PathGenerator in path_generator_ros_tool
Wrote header file in /home/kal1-4/anicar_ws/devel/.private/path_generator_ros_tool/include/path_generator_ros_tool/PathGeneratorConfig.h
[ 30%] Built target path_generator_ros_tool_gencfg
[35m[1mScanning dependencies of target bond_generate_messages_lisp[0m
[ 30%] Built target bond_generate_messages_lisp
[35m[1mScanning dependencies of target std_msgs_generate_messages_nodejs[0m
[ 30%] Built target std_msgs_generate_messages_nodejs
[35m[1mScanning dependencies of target nodelet_generate_messages_nodejs[0m
[ 30%] Built target nodelet_generate_messages_nodejs
[35m[1mScanning dependencies of target nodelet_generate_messages_eus[0m
[ 30%] Built target nodelet_generate_messages_eus
[35m[1mScanning dependencies of target rosinterface_handler_geninterface[0m
[ 30%] Built target rosinterface_handler_geninterface
[35m[1mScanning dependencies of target rosinterface_handler_gencfg[0m
[ 30%] Built target rosinterface_handler_gencfg
[35m[1mScanning dependencies of target rosgraph_msgs_generate_messages_lisp[0m
[ 30%] Built target rosgraph_msgs_generate_messages_lisp
[35m[1mScanning dependencies of target rosgraph_msgs_generate_messages_eus[0m
[ 30%] Built target rosgraph_msgs_generate_messages_eus
[35m[1mScanning dependencies of target roscpp_generate_messages_py[0m
[35m[1mScanning dependencies of target bond_generate_messages_eus[0m
[ 30%] Built target roscpp_generate_messages_py
[ 30%] Built target bond_generate_messages_eus
[35m[1mScanning dependencies of target geometry_msgs_generate_messages_eus[0m
[ 30%] Built target geometry_msgs_generate_messages_eus
[35m[1mScanning dependencies of target bond_generate_messages_cpp[0m
[ 30%] Built target bond_generate_messages_cpp
[35m[1mScanning dependencies of target std_msgs_generate_messages_py[0m
[ 30%] Built target std_msgs_generate_messages_py
[35m[1mScanning dependencies of target roscpp_generate_messages_lisp[0m
[ 30%] Built target roscpp_generate_messages_lisp
[35m[1mScanning dependencies of target std_srvs_generate_messages_eus[0m
[ 30%] Built target std_srvs_generate_messages_eus
[35m[1mScanning dependencies of target dynamic_reconfigure_generate_messages_cpp[0m
[ 30%] Built target dynamic_reconfigure_generate_messages_cpp
[35m[1mScanning dependencies of target rosgraph_msgs_generate_messages_cpp[0m
[ 30%] Built target rosgraph_msgs_generate_messages_cpp
[35m[1mScanning dependencies of target topic_tools_generate_messages_cpp[0m
[ 30%] Built target topic_tools_generate_messages_cpp
[35m[1mScanning dependencies of target rosgraph_msgs_generate_messages_nodejs[0m
[ 30%] Built target rosgraph_msgs_generate_messages_nodejs
[35m[1mScanning dependencies of target std_msgs_generate_messages_eus[0m
[ 30%] Built target std_msgs_generate_messages_eus
[35m[1mScanning dependencies of target std_msgs_generate_messages_cpp[0m
[ 30%] Built target std_msgs_generate_messages_cpp
[35m[1mScanning dependencies of target nodelet_generate_messages_py[0m
[ 30%] Built target nodelet_generate_messages_py
[35m[1mScanning dependencies of target nodelet_generate_messages_cpp[0m
[ 30%] Built target nodelet_generate_messages_cpp
[35m[1mScanning dependencies of target bond_generate_messages_py[0m
[ 30%] Built target bond_generate_messages_py
[35m[1mScanning dependencies of target std_srvs_generate_messages_nodejs[0m
[ 30%] Built target std_srvs_generate_messages_nodejs
[35m[1mScanning dependencies of target roscpp_generate_messages_cpp[0m
[ 30%] Built target roscpp_generate_messages_cpp
[35m[1mScanning dependencies of target actionlib_generate_messages_cpp[0m
[ 30%] Built target actionlib_generate_messages_cpp
[35m[1mScanning dependencies of target geometry_msgs_generate_messages_nodejs[0m
[ 30%] Built target geometry_msgs_generate_messages_nodejs
[35m[1mScanning dependencies of target bond_generate_messages_nodejs[0m
[ 30%] Built target bond_generate_messages_nodejs
[35m[1mScanning dependencies of target dynamic_reconfigure_generate_messages_lisp[0m
[ 30%] Built target dynamic_reconfigure_generate_messages_lisp
[35m[1mScanning dependencies of target dynamic_reconfigure_generate_messages_nodejs[0m
[ 30%] Built target dynamic_reconfigure_generate_messages_nodejs
[35m[1mScanning dependencies of target actionlib_msgs_generate_messages_nodejs[0m
[ 30%] Built target actionlib_msgs_generate_messages_nodejs
[35m[1mScanning dependencies of target topic_tools_generate_messages_py[0m
[35m[1mScanning dependencies of target dynamic_reconfigure_generate_messages_py[0m
[ 30%] Built target topic_tools_generate_messages_py
[ 30%] Built target dynamic_reconfigure_generate_messages_py
[35m[1mScanning dependencies of target nodelet_generate_messages_lisp[0m
[ 30%] Built target nodelet_generate_messages_lisp
[35m[1mScanning dependencies of target roscpp_generate_messages_eus[0m
[ 30%] Built target roscpp_generate_messages_eus
[35m[1mScanning dependencies of target rosgraph_msgs_generate_messages_py[0m
[ 30%] Built target rosgraph_msgs_generate_messages_py
[35m[1mScanning dependencies of target actionlib_msgs_generate_messages_eus[0m
[ 30%] Built target actionlib_msgs_generate_messages_eus
[35m[1mScanning dependencies of target roscpp_generate_messages_nodejs[0m
[ 30%] Built target roscpp_generate_messages_nodejs
[35m[1mScanning dependencies of target std_msgs_generate_messages_lisp[0m
[ 30%] Built target std_msgs_generate_messages_lisp
[35m[1mScanning dependencies of target dynamic_reconfigure_generate_messages_eus[0m
[ 30%] Built target dynamic_reconfigure_generate_messages_eus
[35m[1mScanning dependencies of target std_srvs_generate_messages_cpp[0m
[ 30%] Built target std_srvs_generate_messages_cpp
[35m[1mScanning dependencies of target actionlib_msgs_generate_messages_cpp[0m
[ 30%] Built target actionlib_msgs_generate_messages_cpp
[35m[1mScanning dependencies of target std_srvs_generate_messages_lisp[0m
[ 30%] Built target std_srvs_generate_messages_lisp
[35m[1mScanning dependencies of target topic_tools_generate_messages_lisp[0m
[ 30%] Built target topic_tools_generate_messages_lisp
[35m[1mScanning dependencies of target std_srvs_generate_messages_py[0m
[35m[1mScanning dependencies of target topic_tools_generate_messages_eus[0m
[ 30%] Built target std_srvs_generate_messages_py
[ 30%] Built target topic_tools_generate_messages_eus
[35m[1mScanning dependencies of target topic_tools_generate_messages_nodejs[0m
[35m[1mScanning dependencies of target actionlib_generate_messages_lisp[0m
[ 30%] Built target topic_tools_generate_messages_nodejs
[35m[1mScanning dependencies of target geometry_msgs_generate_messages_cpp[0m
[ 30%] Built target actionlib_generate_messages_lisp
[ 30%] Built target geometry_msgs_generate_messages_cpp
[35m[1mScanning dependencies of target geometry_msgs_generate_messages_py[0m
[ 30%] Built target geometry_msgs_generate_messages_py
[35m[1mScanning dependencies of target actionlib_generate_messages_eus[0m
[ 30%] Built target actionlib_generate_messages_eus
[35m[1mScanning dependencies of target actionlib_msgs_generate_messages_lisp[0m
[35m[1mScanning dependencies of target actionlib_msgs_generate_messages_py[0m
[ 30%] Built target actionlib_msgs_generate_messages_py
[ 30%] Built target actionlib_msgs_generate_messages_lisp
[35m[1mScanning dependencies of target tf2_msgs_generate_messages_cpp[0m
[ 30%] Built target tf2_msgs_generate_messages_cpp
[35m[1mScanning dependencies of target tf2_msgs_generate_messages_eus[0m
[ 30%] Built target tf2_msgs_generate_messages_eus
[35m[1mScanning dependencies of target dynamic_reconfigure_gencfg[0m
[35m[1mScanning dependencies of target tf2_msgs_generate_messages_lisp[0m
[ 30%] Built target dynamic_reconfigure_gencfg
[ 30%] Built target tf2_msgs_generate_messages_lisp
[35m[1mScanning dependencies of target actionlib_generate_messages_py[0m
[ 30%] Built target actionlib_generate_messages_py
[35m[1mScanning dependencies of target tf2_msgs_generate_messages_py[0m
[ 30%] Built target tf2_msgs_generate_messages_py
[35m[1mScanning dependencies of target tf2_msgs_generate_messages_nodejs[0m
[35m[1mScanning dependencies of target actionlib_generate_messages_nodejs[0m
[ 30%] Built target actionlib_generate_messages_nodejs
[ 30%] Built target tf2_msgs_generate_messages_nodejs
[35m[1mScanning dependencies of target path_generator_ros_tool_geninterface[0m
[35m[1mScanning dependencies of target geometry_msgs_generate_messages_lisp[0m
[ 40%] Built target path_generator_ros_tool_geninterface
[ 40%] Built target geometry_msgs_generate_messages_lisp
[ 50%] [32m[1mLinking CXX shared library libgtest.so[0m
[ 50%] Built target gtest
[35m[1mScanning dependencies of target path_generator_ros_tool-path_generator-nodelet[0m
[ 60%] [32mBuilding CXX object CMakeFiles/path_generator_ros_tool-path_generator-nodelet.dir/src/path_generator/path_generator_nodelet.cpp.o[0m
[ 70%] [32mBuilding CXX object CMakeFiles/path_generator_ros_tool-path_generator-nodelet.dir/src/path_generator/path_generator.cpp.o[0m
In file included from [01m[K/usr/include/eigen3/Eigen/SparseLU:26:0[m[K,
                 from [01m[K/usr/include/eigen3/Eigen/Sparse:29[m[K,
                 from [01m[K/usr/include/eigen3/Eigen/Eigen:2[m[K,
                 from [01m[K/home/kal1-4/anicar_ws/src/path_generator_ros_tool/src/path_generator/path_generator.hpp:7[m[K,
                 from [01m[K/home/kal1-4/anicar_ws/src/path_generator_ros_tool/src/path_generator/path_generator.cpp:1[m[K:
[01m[K/usr/include/eigen3/Eigen/src/SparseLU/SparseLU_gemm_kernel.h:[m[K In function ‘[01m[Kvoid Eigen::internal::sparselu_gemm(Eigen::Index, Eigen::Index, Eigen::Index, const Scalar*, Eigen::Index, const Scalar*, Eigen::Index, Scalar*, Eigen::Index)[m[K’:
[01m[K/usr/include/eigen3/Eigen/src/SparseLU/SparseLU_gemm_kernel.h:78:9:[m[K [01;35m[Kwarning: [m[Kthis ‘[01m[Kif[m[K’ clause does not guard... [[01;35m[K-Wmisleading-indentation[m[K]
         [01;35m[Kif[m[K(RK==4) b30 = pset1<Packet>(Bc0[3]);
         [01;35m[K^~[m[K
[01m[K/usr/include/eigen3/Eigen/src/SparseLU/SparseLU_gemm_kernel.h:79:19:[m[K [01;36m[Knote: [m[K...this statement, but the latter is misleadingly indented as if it were guarded by the ‘[01m[Kif[m[K’
                   [01;36m[Kb01[m[K = pset1<Packet>(Bc1[0]);
                   [01;36m[K^~~[m[K
In file included from [01m[K/usr/include/eigen3/Eigen/SparseLU:26:0[m[K,
                 from [01m[K/usr/include/eigen3/Eigen/Sparse:29[m[K,
                 from [01m[K/usr/include/eigen3/Eigen/Eigen:2[m[K,
                 from [01m[K/home/kal1-4/anicar_ws/src/path_generator_ros_tool/src/path_generator/path_generator.hpp:7[m[K,
                 from [01m[K/home/kal1-4/anicar_ws/src/path_generator_ros_tool/src/path_generator/path_generator_nodelet.cpp:5[m[K:
[01m[K/usr/include/eigen3/Eigen/src/SparseLU/SparseLU_gemm_kernel.h:[m[K In function ‘[01m[Kvoid Eigen::internal::sparselu_gemm(Eigen::Index, Eigen::Index, Eigen::Index, const Scalar*, Eigen::Index, const Scalar*, Eigen::Index, Scalar*, Eigen::Index)[m[K’:
[01m[K/usr/include/eigen3/Eigen/src/SparseLU/SparseLU_gemm_kernel.h:78:9:[m[K [01;35m[Kwarning: [m[Kthis ‘[01m[Kif[m[K’ clause does not guard... [[01;35m[K-Wmisleading-indentation[m[K]
         [01;35m[Kif[m[K(RK==4) b30 = pset1<Packet>(Bc0[3]);
         [01;35m[K^~[m[K
[01m[K/usr/include/eigen3/Eigen/src/SparseLU/SparseLU_gemm_kernel.h:79:19:[m[K [01;36m[Knote: [m[K...this statement, but the latter is misleadingly indented as if it were guarded by the ‘[01m[Kif[m[K’
                   [01;36m[Kb01[m[K = pset1<Packet>(Bc1[0]);
                   [01;36m[K^~~[m[K
[ 80%] [32m[1mLinking CXX shared library /home/kal1-4/anicar_ws/devel/.private/path_generator_ros_tool/lib/libpath_generator_nodelet.so[0m
[ 80%] Built target path_generator_ros_tool-path_generator-nodelet
[35m[1mScanning dependencies of target path_generator_ros_tool-path_generator-exec[0m
[ 90%] [32mBuilding CXX object CMakeFiles/path_generator_ros_tool-path_generator-exec.dir/src/path_generator/path_generator_node.cpp.o[0m
In file included from [01m[K/usr/include/eigen3/Eigen/SparseLU:26:0[m[K,
                 from [01m[K/usr/include/eigen3/Eigen/Sparse:29[m[K,
                 from [01m[K/usr/include/eigen3/Eigen/Eigen:2[m[K,
                 from [01m[K/home/kal1-4/anicar_ws/src/path_generator_ros_tool/src/path_generator/path_generator.hpp:7[m[K,
                 from [01m[K/home/kal1-4/anicar_ws/src/path_generator_ros_tool/src/path_generator/path_generator_node.cpp:1[m[K:
[01m[K/usr/include/eigen3/Eigen/src/SparseLU/SparseLU_gemm_kernel.h:[m[K In function ‘[01m[Kvoid Eigen::internal::sparselu_gemm(Eigen::Index, Eigen::Index, Eigen::Index, const Scalar*, Eigen::Index, const Scalar*, Eigen::Index, Scalar*, Eigen::Index)[m[K’:
[01m[K/usr/include/eigen3/Eigen/src/SparseLU/SparseLU_gemm_kernel.h:78:9:[m[K [01;35m[Kwarning: [m[Kthis ‘[01m[Kif[m[K’ clause does not guard... [[01;35m[K-Wmisleading-indentation[m[K]
         [01;35m[Kif[m[K(RK==4) b30 = pset1<Packet>(Bc0[3]);
         [01;35m[K^~[m[K
[01m[K/usr/include/eigen3/Eigen/src/SparseLU/SparseLU_gemm_kernel.h:79:19:[m[K [01;36m[Knote: [m[K...this statement, but the latter is misleadingly indented as if it were guarded by the ‘[01m[Kif[m[K’
                   [01;36m[Kb01[m[K = pset1<Packet>(Bc1[0]);
                   [01;36m[K^~~[m[K
[100%] [32m[1mLinking CXX executable /home/kal1-4/anicar_ws/devel/.private/path_generator_ros_tool/lib/path_generator_ros_tool/path_generator[0m
[100%] Built target path_generator_ros_tool-path_generator-exec
