Not searching for unused variables given on the command line.
[36m--[0m The C compiler identification is GNU 7.2.0
[36m--[0m The CXX compiler identification is GNU 7.2.0
[36m--[0m Check for working C compiler: /usr/bin/cc
[36m--[0m Check for working C compiler: /usr/bin/cc -- works
[36m--[0m Detecting C compiler ABI info
[36m--[0m Detecting C compiler ABI info - done
[36m--[0m Detecting C compile features
[36m--[0m Detecting C compile features - done
[36m--[0m Check for working CXX compiler: /usr/bin/c++
[36m--[0m Check for working CXX compiler: /usr/bin/c++ -- works
[36m--[0m Detecting CXX compiler ABI info
[36m--[0m Detecting CXX compiler ABI info - done
[36m--[0m Detecting CXX compile features
[36m--[0m Detecting CXX compile features - done
[36m--[0m Try OpenMP C flag = [-fopenmp]
[36m--[0m Performing Test OpenMP_FLAG_DETECTED
[36m--[0m Performing Test OpenMP_FLAG_DETECTED - Success
[36m--[0m Try OpenMP CXX flag = [-fopenmp]
[36m--[0m Performing Test OpenMP_FLAG_DETECTED
[36m--[0m Performing Test OpenMP_FLAG_DETECTED - Success
[36m--[0m Found OpenMP: -fopenmp
[36m--[0m Performing Test FLAG_AVAILABLE
[36m--[0m Performing Test FLAG_AVAILABLE - Success
[36m--[0m Using CATKIN_DEVEL_PREFIX: /home/kal1-4/anicar_ws/devel/.private/bbf_commons
[36m--[0m Using CMAKE_PREFIX_PATH: /home/kal1-4/anicar_ws/devel;/opt/mrtsoftware/local;/opt/mrtsoftware/release;/opt/ros/kinetic
[36m--[0m This workspace overlays: /home/kal1-4/anicar_ws/devel;/opt/mrtsoftware/local;/opt/mrtsoftware/release;/opt/ros/kinetic
[36m--[0m Found PythonInterp: /opt/mrtsoftware/release/lib/mrt-build-tools/bin/python (found version "2.7.12")
[36m--[0m Using PYTHON_EXECUTABLE: /opt/mrtsoftware/release/lib/mrt-build-tools/bin/python
[36m--[0m Using Debian Python package layout
[36m--[0m Using empy: /usr/bin/empy
[36m--[0m Using CATKIN_ENABLE_TESTING: ON
[36m--[0m Call enable_testing()
[36m--[0m Using CATKIN_TEST_RESULTS_DIR: /home/kal1-4/anicar_ws/build/bbf_commons/test_results
[36m--[0m Found gmock sources under '/usr/src/gmock': gmock will be built
[36m--[0m Looking for pthread.h
[36m--[0m Looking for pthread.h - found
[36m--[0m Looking for pthread_create
[36m--[0m Looking for pthread_create - found
[36m--[0m Found Threads: TRUE
[36m--[0m Found gtest sources under '/usr/src/gmock': gtests will be built
[36m--[0m Using Python nosetests: /usr/bin/nosetests-2.7
[36m--[0m catkin 0.7.14
[36m--[0m Found CUDA: /usr/local/cuda (found suitable exact version "9.2")
[36m--[0m Found OpenCV: /opt/mrtsoftware/release (found version "3.3.1")
[36m--[0m Adding header-only library with files include/bbf_commons/cCamera.h;include/bbf_commons/basicTypes.h;include/bbf_commons/stringHelper.h;include/bbf_commons/cOpenCvHelper.h;include/bbf_commons/critical_section_modes.h;include/bbf_commons/TableLookup.h;include/bbf_commons/TICTOC.h;include/bbf_commons/cAffinity.h;include/bbf_commons/simple_timer.h;include/bbf_commons/jsonify.hpp;include/bbf_commons/LayeredDAGSolver.hpp;include/bbf_commons/LocalCartesianCSFromGPS.hpp;include/bbf_commons/parse_posix_time.hpp;include/bbf_commons/split_string.hpp;include/bbf_commons/pairwise_iterator.hpp;include/bbf_commons/print_histogram.hpp;include/bbf_commons/line_line_intersection.hpp;include/bbf_commons/cluster_sorted.hpp;include/bbf_commons/color_by_index.hpp;include/bbf_commons/filesystem.hpp;include/bbf_commons/create_log_folder.hpp;include/bbf_commons/reserve_function.hpp;include/bbf_commons/Plotter.hpp;include/bbf_commons/convert_colorspace.hpp;include/bbf_commons/PngDistanceImage.hpp;include/bbf_commons/convert_coordinates.hpp;include/bbf_commons/triangulation_functions.hpp;include/bbf_commons/vector_tools.hpp;include/bbf_commons/saturate.hpp;include/bbf_commons/polygon_serialization.hpp;include/bbf_commons/Polygon.hpp;include/bbf_commons/TableLookup.hpp;include/bbf_commons/LRUCache.hpp;include/bbf_commons/color_by_index_hsv.hpp;include/bbf_commons/saturate_inverse.hpp;include/bbf_commons/mercator_spherical.hpp;include/bbf_commons/eigen_helper.hpp;include/bbf_commons/prettyprint.hpp;include/bbf_commons/correct_time_offset.hpp;include/bbf_commons/hsv2rgb.hpp;include/bbf_commons/open_img.hpp;include/bbf_commons/wall_clock.hpp;include/bbf_commons/LocalGeographicCS.hpp;include/bbf_commons/linear_interpolation.hpp;include/bbf_commons/open_png.hpp;include/bbf_commons/verify.hpp;include/bbf_commons/constants.hpp;include/bbf_commons/concurrent_queue.hpp;include/bbf_commons/random_element.hpp;include/bbf_commons/serialize.hpp;include/bbf_commons/normalize_angle.hpp;include/bbf_commons/sample_gauss.hpp;include/bbf_commons/save_png.hpp;include/bbf_commons/content_of.hpp;include/bbf_commons/stl_helper.hpp;include/bbf_commons/trace.hpp;include/bbf_commons/mercator.hpp;include/bbf_commons/HomogeneousTransformationMatrix.hpp;include/bbf_commons/sdl_image_viewing.hpp;include/bbf_commons/serialize_tuple.hpp;include/bbf_commons/constexpr.hpp;include/bbf_commons/visualisation_origin.hpp;include/bbf_commons/PlyWriter.hpp;include/bbf_commons/stream_vec.hpp;include/bbf_commons/assertions.hpp;include/bbf_commons/stopline_causes.hpp;include/bbf_commons/Helpers.hpp
[36m--[0m Marking HEADER FILES in "include" folder of package "bbf_commons" for installation
[36m--[0m Adding gtest unittest "bbf_commons-test_bbf_commons-test" with working dir /home/kal1-4/anicar_ws/src/bbf_commons/test
[36m--[0m Adding nosetests in folder test
[36m--[0m Configuring done
[36m--[0m Generating done
[36m--[0m Build files have been written to: /home/kal1-4/anicar_ws/build/bbf_commons
