Symlinking /home/kal1-4/anicar_ws/devel/share/common-lisp/ros/path_publisher_ros_tool/msg/rl_measurement.lisp
Symlinking /home/kal1-4/anicar_ws/devel/share/common-lisp/ros/path_publisher_ros_tool/msg/path_publisher_ros_tool-msg.asd
Symlinking /home/kal1-4/anicar_ws/devel/share/common-lisp/ros/path_publisher_ros_tool/msg/rl_control.lisp
Symlinking /home/kal1-4/anicar_ws/devel/share/common-lisp/ros/path_publisher_ros_tool/msg/_package_dis_angle.lisp
Symlinking /home/kal1-4/anicar_ws/devel/share/common-lisp/ros/path_publisher_ros_tool/msg/_package_rl_control.lisp
Symlinking /home/kal1-4/anicar_ws/devel/share/common-lisp/ros/path_publisher_ros_tool/msg/_package.lisp
Symlinking /home/kal1-4/anicar_ws/devel/share/common-lisp/ros/path_publisher_ros_tool/msg/dis_angle.lisp
Symlinking /home/kal1-4/anicar_ws/devel/share/common-lisp/ros/path_publisher_ros_tool/msg/_package_rl_measurement.lisp
Symlinking /home/kal1-4/anicar_ws/devel/share/roseus/ros/path_publisher_ros_tool/manifest.l
Symlinking /home/kal1-4/anicar_ws/devel/share/roseus/ros/path_publisher_ros_tool/msg/rl_measurement.l
Symlinking /home/kal1-4/anicar_ws/devel/share/roseus/ros/path_publisher_ros_tool/msg/dis_angle.l
Symlinking /home/kal1-4/anicar_ws/devel/share/roseus/ros/path_publisher_ros_tool/msg/rl_control.l
Symlinking /home/kal1-4/anicar_ws/devel/share/path_publisher_ros_tool/docs/PathPublisherConfig-usage.dox
Symlinking /home/kal1-4/anicar_ws/devel/share/path_publisher_ros_tool/docs/PathPublisherConfig.wikidoc
Symlinking /home/kal1-4/anicar_ws/devel/share/path_publisher_ros_tool/docs/PathPublisherConfig.dox
Symlinking /home/kal1-4/anicar_ws/devel/share/path_publisher_ros_tool/cmake/path_publisher_ros_toolConfig.cmake
Symlinking /home/kal1-4/anicar_ws/devel/share/path_publisher_ros_tool/cmake/path_publisher_ros_tool-msg-paths.cmake
Symlinking /home/kal1-4/anicar_ws/devel/share/path_publisher_ros_tool/cmake/path_publisher_ros_toolConfig-version.cmake
Symlinking /home/kal1-4/anicar_ws/devel/share/path_publisher_ros_tool/cmake/path_publisher_ros_tool-msg-extras.cmake
Symlinking /home/kal1-4/anicar_ws/devel/share/path_publisher_ros_tool/cfg/PathPublisher.cfg
Symlinking /home/kal1-4/anicar_ws/devel/share/gennodejs/ros/path_publisher_ros_tool/_index.js
Symlinking /home/kal1-4/anicar_ws/devel/share/gennodejs/ros/path_publisher_ros_tool/msg/dis_angle.js
Symlinking /home/kal1-4/anicar_ws/devel/share/gennodejs/ros/path_publisher_ros_tool/msg/rl_measurement.js
Symlinking /home/kal1-4/anicar_ws/devel/share/gennodejs/ros/path_publisher_ros_tool/msg/_index.js
Symlinking /home/kal1-4/anicar_ws/devel/share/gennodejs/ros/path_publisher_ros_tool/msg/rl_control.js
Symlinking /home/kal1-4/anicar_ws/devel/include/path_publisher_ros_tool/rl_measurement.h
Symlinking /home/kal1-4/anicar_ws/devel/include/path_publisher_ros_tool/rl_control.h
Symlinking /home/kal1-4/anicar_ws/devel/include/path_publisher_ros_tool/dis_angle.h
Symlinking /home/kal1-4/anicar_ws/devel/include/path_publisher_ros_tool/PathPublisherInterface.h
Symlinking /home/kal1-4/anicar_ws/devel/include/path_publisher_ros_tool/PathPublisherConfig.h
Symlinking /home/kal1-4/anicar_ws/devel/lib/libpath_publisher_nodelet.so
Symlinking /home/kal1-4/anicar_ws/devel/lib/pkgconfig/path_publisher_ros_tool.pc
Symlinking /home/kal1-4/anicar_ws/devel/lib/python2.7/dist-packages/path_publisher_ros_tool/__init__.py
Symlinking /home/kal1-4/anicar_ws/devel/lib/python2.7/dist-packages/path_publisher_ros_tool/cfg/__init__.py
Symlinking /home/kal1-4/anicar_ws/devel/lib/python2.7/dist-packages/path_publisher_ros_tool/cfg/PathPublisherConfig.py
Symlinking /home/kal1-4/anicar_ws/devel/lib/python2.7/dist-packages/path_publisher_ros_tool/interface/__init__.py
Symlinking /home/kal1-4/anicar_ws/devel/lib/python2.7/dist-packages/path_publisher_ros_tool/interface/PathPublisherInterface.py
Symlinking /home/kal1-4/anicar_ws/devel/lib/python2.7/dist-packages/path_publisher_ros_tool/msg/_rl_control.py
Symlinking /home/kal1-4/anicar_ws/devel/lib/python2.7/dist-packages/path_publisher_ros_tool/msg/__init__.py
Symlinking /home/kal1-4/anicar_ws/devel/lib/python2.7/dist-packages/path_publisher_ros_tool/msg/_dis_angle.py
Symlinking /home/kal1-4/anicar_ws/devel/lib/python2.7/dist-packages/path_publisher_ros_tool/msg/_rl_measurement.py
Symlinking /home/kal1-4/anicar_ws/devel/lib/path_publisher_ros_tool/path_publisher
