[35m[1mScanning dependencies of target gtest[0m
[  3%] [32mBuilding CXX object gtest/gtest/CMakeFiles/gtest.dir/src/gtest-all.cc.o[0m
[35m[1mScanning dependencies of target path_publisher_ros_tool_gencfg[0m
[  7%] [34m[1mGenerating interface files from PathPublisher[0m
Generating interface file for node path_publisher (class PathPublisher) in package path_publisher_ros_tool
[ 11%] [34m[1mGenerating dynamic reconfigure files from /home/kal1-4/anicar_ws/devel/.private/path_publisher_ros_tool/share/path_publisher_ros_tool/cfg/PathPublisher.cfg: /home/kal1-4/anicar_ws/devel/.private/path_publisher_ros_tool/include/path_publisher_ros_tool/PathPublisherConfig.h /home/kal1-4/anicar_ws/devel/.private/path_publisher_ros_tool/lib/python2.7/dist-packages/path_publisher_ros_tool/cfg/PathPublisherConfig.py[0m
Generating reconfiguration files for PathPublisher in path_publisher_ros_tool
Wrote header file in /home/kal1-4/anicar_ws/devel/.private/path_publisher_ros_tool/include/path_publisher_ros_tool/PathPublisherConfig.h
[35m[1mScanning dependencies of target geometry_msgs_generate_messages_lisp[0m
[ 11%] Built target path_publisher_ros_tool_gencfg
[ 11%] Built target geometry_msgs_generate_messages_lisp
[35m[1mScanning dependencies of target sensor_msgs_generate_messages_nodejs[0m
[ 11%] Built target sensor_msgs_generate_messages_nodejs
[35m[1mScanning dependencies of target roscpp_generate_messages_cpp[0m
[ 11%] Built target roscpp_generate_messages_cpp
[35m[1mScanning dependencies of target actionlib_generate_messages_cpp[0m
[ 11%] Built target actionlib_generate_messages_cpp
[35m[1mScanning dependencies of target sensor_msgs_generate_messages_lisp[0m
[35m[1mScanning dependencies of target rosgraph_msgs_generate_messages_lisp[0m
[ 11%] Built target sensor_msgs_generate_messages_lisp
[ 11%] Built target rosgraph_msgs_generate_messages_lisp
[35m[1mScanning dependencies of target rosgraph_msgs_generate_messages_eus[0m
[ 11%] Built target rosgraph_msgs_generate_messages_eus
[35m[1mScanning dependencies of target geometry_msgs_generate_messages_eus[0m
[ 11%] Built target geometry_msgs_generate_messages_eus
[35m[1mScanning dependencies of target bond_generate_messages_eus[0m
[ 11%] Built target bond_generate_messages_eus
[35m[1mScanning dependencies of target std_msgs_generate_messages_py[0m
[ 11%] Built target std_msgs_generate_messages_py
[35m[1mScanning dependencies of target dynamic_reconfigure_generate_messages_cpp[0m
[ 11%] Built target dynamic_reconfigure_generate_messages_cpp
[35m[1mScanning dependencies of target rosgraph_msgs_generate_messages_cpp[0m
[ 11%] Built target rosgraph_msgs_generate_messages_cpp
[35m[1mScanning dependencies of target _path_publisher_ros_tool_generate_messages_check_deps_dis_angle[0m
[35m[1mScanning dependencies of target sensor_msgs_generate_messages_eus[0m
[ 11%] Built target sensor_msgs_generate_messages_eus
[ 11%] Built target _path_publisher_ros_tool_generate_messages_check_deps_dis_angle
[35m[1mScanning dependencies of target std_msgs_generate_messages_eus[0m
[ 11%] Built target std_msgs_generate_messages_eus
[35m[1mScanning dependencies of target _path_publisher_ros_tool_generate_messages_check_deps_rl_measurement[0m
[ 11%] Built target _path_publisher_ros_tool_generate_messages_check_deps_rl_measurement
[35m[1mScanning dependencies of target _path_publisher_ros_tool_generate_messages_check_deps_rl_control[0m
[35m[1mScanning dependencies of target rosgraph_msgs_generate_messages_nodejs[0m
[ 11%] Built target rosgraph_msgs_generate_messages_nodejs
[ 11%] Built target _path_publisher_ros_tool_generate_messages_check_deps_rl_control
[35m[1mScanning dependencies of target std_msgs_generate_messages_cpp[0m
[ 11%] Built target std_msgs_generate_messages_cpp
[35m[1mScanning dependencies of target sensor_msgs_generate_messages_py[0m
[ 11%] Built target sensor_msgs_generate_messages_py
[35m[1mScanning dependencies of target nodelet_generate_messages_py[0m
[ 11%] Built target nodelet_generate_messages_py
[35m[1mScanning dependencies of target actionlib_msgs_generate_messages_nodejs[0m
[ 11%] Built target actionlib_msgs_generate_messages_nodejs
[35m[1mScanning dependencies of target geometry_msgs_generate_messages_nodejs[0m
[35m[1mScanning dependencies of target dynamic_reconfigure_generate_messages_lisp[0m
[ 11%] Built target geometry_msgs_generate_messages_nodejs
[ 11%] Built target dynamic_reconfigure_generate_messages_lisp
[35m[1mScanning dependencies of target sensor_msgs_generate_messages_cpp[0m
[ 11%] Built target sensor_msgs_generate_messages_cpp
[35m[1mScanning dependencies of target dynamic_reconfigure_generate_messages_nodejs[0m
[ 11%] Built target dynamic_reconfigure_generate_messages_nodejs
[35m[1mScanning dependencies of target dynamic_reconfigure_generate_messages_py[0m
[ 11%] Built target dynamic_reconfigure_generate_messages_py
[35m[1mScanning dependencies of target roscpp_generate_messages_nodejs[0m
[35m[1mScanning dependencies of target std_msgs_generate_messages_lisp[0m
[ 11%] Built target roscpp_generate_messages_nodejs
[ 11%] Built target std_msgs_generate_messages_lisp
[35m[1mScanning dependencies of target dynamic_reconfigure_generate_messages_eus[0m
[ 11%] Built target dynamic_reconfigure_generate_messages_eus
[35m[1mScanning dependencies of target std_msgs_generate_messages_nodejs[0m
[35m[1mScanning dependencies of target bond_generate_messages_lisp[0m
[ 11%] Built target std_msgs_generate_messages_nodejs
[ 11%] Built target bond_generate_messages_lisp
[35m[1mScanning dependencies of target geometry_msgs_generate_messages_py[0m
[35m[1mScanning dependencies of target nodelet_generate_messages_cpp[0m
[ 11%] Built target geometry_msgs_generate_messages_py
[ 11%] Built target nodelet_generate_messages_cpp
[35m[1mScanning dependencies of target bond_generate_messages_py[0m
[35m[1mScanning dependencies of target geometry_msgs_generate_messages_cpp[0m
[ 11%] Built target bond_generate_messages_py
[ 11%] Built target geometry_msgs_generate_messages_cpp
[35m[1mScanning dependencies of target actionlib_generate_messages_lisp[0m
[ 11%] Built target actionlib_generate_messages_lisp
[35m[1mScanning dependencies of target roscpp_generate_messages_lisp[0m
[ 11%] Built target roscpp_generate_messages_lisp
[35m[1mScanning dependencies of target nodelet_generate_messages_eus[0m
[35m[1mScanning dependencies of target rosinterface_handler_geninterface[0m
[ 11%] Built target nodelet_generate_messages_eus
[ 11%] Built target rosinterface_handler_geninterface
[35m[1mScanning dependencies of target rosinterface_handler_gencfg[0m
[ 11%] Built target rosinterface_handler_gencfg
[35m[1mScanning dependencies of target path_publisher_ros_tool_geninterface[0m
[ 14%] Built target path_publisher_ros_tool_geninterface
[35m[1mScanning dependencies of target nodelet_generate_messages_lisp[0m
[ 14%] Built target nodelet_generate_messages_lisp
[35m[1mScanning dependencies of target roscpp_generate_messages_eus[0m
[35m[1mScanning dependencies of target rosgraph_msgs_generate_messages_py[0m
[ 14%] Built target roscpp_generate_messages_eus
[ 14%] Built target rosgraph_msgs_generate_messages_py
[35m[1mScanning dependencies of target actionlib_msgs_generate_messages_eus[0m
[ 14%] Built target actionlib_msgs_generate_messages_eus
[35m[1mScanning dependencies of target nodelet_generate_messages_nodejs[0m
[ 14%] Built target nodelet_generate_messages_nodejs
[35m[1mScanning dependencies of target bond_generate_messages_cpp[0m
[35m[1mScanning dependencies of target bond_generate_messages_nodejs[0m
[ 14%] Built target bond_generate_messages_cpp
[ 14%] Built target bond_generate_messages_nodejs
[35m[1mScanning dependencies of target actionlib_generate_messages_eus[0m
[ 14%] Built target actionlib_generate_messages_eus
[35m[1mScanning dependencies of target actionlib_generate_messages_nodejs[0m
[ 14%] Built target actionlib_generate_messages_nodejs
[35m[1mScanning dependencies of target actionlib_msgs_generate_messages_cpp[0m
[35m[1mScanning dependencies of target actionlib_msgs_generate_messages_lisp[0m
[ 14%] Built target actionlib_msgs_generate_messages_cpp
[ 14%] Built target actionlib_msgs_generate_messages_lisp
[35m[1mScanning dependencies of target actionlib_msgs_generate_messages_py[0m
[ 14%] Built target actionlib_msgs_generate_messages_py
[35m[1mScanning dependencies of target path_publisher_ros_tool_generate_messages_py[0m
[35m[1mScanning dependencies of target tf2_msgs_generate_messages_cpp[0m
[ 18%] Built target tf2_msgs_generate_messages_cpp
[ 18%] [34m[1mGenerating Python from MSG path_publisher_ros_tool/rl_control[0m
[35m[1mScanning dependencies of target tf2_msgs_generate_messages_eus[0m
[ 18%] Built target tf2_msgs_generate_messages_eus
[35m[1mScanning dependencies of target dynamic_reconfigure_gencfg[0m
[ 18%] Built target dynamic_reconfigure_gencfg
[35m[1mScanning dependencies of target tf2_msgs_generate_messages_lisp[0m
[ 18%] Built target tf2_msgs_generate_messages_lisp
[ 22%] [34m[1mGenerating Python from MSG path_publisher_ros_tool/dis_angle[0m
[35m[1mScanning dependencies of target actionlib_generate_messages_py[0m
[ 22%] Built target actionlib_generate_messages_py
[35m[1mScanning dependencies of target tf2_msgs_generate_messages_py[0m
[ 22%] Built target tf2_msgs_generate_messages_py
[35m[1mScanning dependencies of target tf2_msgs_generate_messages_nodejs[0m
[ 22%] Built target tf2_msgs_generate_messages_nodejs
[35m[1mScanning dependencies of target path_publisher_ros_tool_generate_messages_lisp[0m
[ 25%] [34m[1mGenerating Python from MSG path_publisher_ros_tool/rl_measurement[0m
[ 29%] [34m[1mGenerating Lisp code from path_publisher_ros_tool/rl_control.msg[0m
[ 33%] [34m[1mGenerating Lisp code from path_publisher_ros_tool/dis_angle.msg[0m
[ 37%] [34m[1mGenerating Python msg __init__.py for path_publisher_ros_tool[0m
[ 40%] [34m[1mGenerating Lisp code from path_publisher_ros_tool/rl_measurement.msg[0m
[ 40%] Built target path_publisher_ros_tool_generate_messages_lisp
[ 40%] Built target path_publisher_ros_tool_generate_messages_py
[35m[1mScanning dependencies of target path_publisher_ros_tool_generate_messages_nodejs[0m
[ 44%] [34m[1mGenerating Javascript code from path_publisher_ros_tool/rl_control.msg[0m
[35m[1mScanning dependencies of target roscpp_generate_messages_py[0m
[ 44%] Built target roscpp_generate_messages_py
[35m[1mScanning dependencies of target path_publisher_ros_tool_generate_messages_eus[0m
[ 48%] [34m[1mGenerating EusLisp code from path_publisher_ros_tool/rl_control.msg[0m
[ 51%] [34m[1mGenerating Javascript code from path_publisher_ros_tool/dis_angle.msg[0m
[ 55%] [34m[1mGenerating Javascript code from path_publisher_ros_tool/rl_measurement.msg[0m
[ 59%] [34m[1mGenerating EusLisp code from path_publisher_ros_tool/dis_angle.msg[0m
[ 59%] Built target path_publisher_ros_tool_generate_messages_nodejs
[35m[1mScanning dependencies of target path_publisher_ros_tool_generate_messages_cpp[0m
[ 62%] [34m[1mGenerating C++ code from path_publisher_ros_tool/rl_control.msg[0m
[ 66%] [34m[1mGenerating EusLisp code from path_publisher_ros_tool/rl_measurement.msg[0m
[ 70%] [34m[1mGenerating C++ code from path_publisher_ros_tool/dis_angle.msg[0m
[ 74%] [34m[1mGenerating EusLisp manifest code for path_publisher_ros_tool[0m
[ 77%] [34m[1mGenerating C++ code from path_publisher_ros_tool/rl_measurement.msg[0m
[ 77%] Built target path_publisher_ros_tool_generate_messages_cpp
[ 81%] [32m[1mLinking CXX shared library libgtest.so[0m
[ 81%] Built target gtest
[ 81%] Built target path_publisher_ros_tool_generate_messages_eus
[35m[1mScanning dependencies of target path_publisher_ros_tool_generate_messages[0m
[35m[1mScanning dependencies of target path_publisher_ros_tool-path_publisher-nodelet[0m
[ 81%] Built target path_publisher_ros_tool_generate_messages
[ 85%] [32mBuilding CXX object CMakeFiles/path_publisher_ros_tool-path_publisher-nodelet.dir/src/path_publisher/path_publisher_nodelet.cpp.o[0m
[ 88%] [32mBuilding CXX object CMakeFiles/path_publisher_ros_tool-path_publisher-nodelet.dir/src/path_publisher/path_publisher.cpp.o[0m
In file included from [01m[K/usr/include/eigen3/Eigen/SparseLU:26:0[m[K,
                 from [01m[K/usr/include/eigen3/Eigen/Sparse:29[m[K,
                 from [01m[K/usr/include/eigen3/Eigen/Eigen:2[m[K,
                 from [01m[K/home/kal1-4/anicar_ws/src/path_publisher_ros_tool/src/path_publisher/path_publisher.hpp:8[m[K,
                 from [01m[K/home/kal1-4/anicar_ws/src/path_publisher_ros_tool/src/path_publisher/path_publisher.cpp:1[m[K:
[01m[K/usr/include/eigen3/Eigen/src/SparseLU/SparseLU_gemm_kernel.h:[m[K In function ‘[01m[Kvoid Eigen::internal::sparselu_gemm(Eigen::Index, Eigen::Index, Eigen::Index, const Scalar*, Eigen::Index, const Scalar*, Eigen::Index, Scalar*, Eigen::Index)[m[K’:
[01m[K/usr/include/eigen3/Eigen/src/SparseLU/SparseLU_gemm_kernel.h:78:9:[m[K [01;35m[Kwarning: [m[Kthis ‘[01m[Kif[m[K’ clause does not guard... [[01;35m[K-Wmisleading-indentation[m[K]
         [01;35m[Kif[m[K(RK==4) b30 = pset1<Packet>(Bc0[3]);
         [01;35m[K^~[m[K
[01m[K/usr/include/eigen3/Eigen/src/SparseLU/SparseLU_gemm_kernel.h:79:19:[m[K [01;36m[Knote: [m[K...this statement, but the latter is misleadingly indented as if it were guarded by the ‘[01m[Kif[m[K’
                   [01;36m[Kb01[m[K = pset1<Packet>(Bc1[0]);
                   [01;36m[K^~~[m[K
In file included from [01m[K/usr/include/eigen3/Eigen/SparseLU:26:0[m[K,
                 from [01m[K/usr/include/eigen3/Eigen/Sparse:29[m[K,
                 from [01m[K/usr/include/eigen3/Eigen/Eigen:2[m[K,
                 from [01m[K/home/kal1-4/anicar_ws/src/path_publisher_ros_tool/src/path_publisher/path_publisher.hpp:8[m[K,
                 from [01m[K/home/kal1-4/anicar_ws/src/path_publisher_ros_tool/src/path_publisher/path_publisher_nodelet.cpp:5[m[K:
[01m[K/usr/include/eigen3/Eigen/src/SparseLU/SparseLU_gemm_kernel.h:[m[K In function ‘[01m[Kvoid Eigen::internal::sparselu_gemm(Eigen::Index, Eigen::Index, Eigen::Index, const Scalar*, Eigen::Index, const Scalar*, Eigen::Index, Scalar*, Eigen::Index)[m[K’:
[01m[K/usr/include/eigen3/Eigen/src/SparseLU/SparseLU_gemm_kernel.h:78:9:[m[K [01;35m[Kwarning: [m[Kthis ‘[01m[Kif[m[K’ clause does not guard... [[01;35m[K-Wmisleading-indentation[m[K]
         [01;35m[Kif[m[K(RK==4) b30 = pset1<Packet>(Bc0[3]);
         [01;35m[K^~[m[K
[01m[K/usr/include/eigen3/Eigen/src/SparseLU/SparseLU_gemm_kernel.h:79:19:[m[K [01;36m[Knote: [m[K...this statement, but the latter is misleadingly indented as if it were guarded by the ‘[01m[Kif[m[K’
                   [01;36m[Kb01[m[K = pset1<Packet>(Bc1[0]);
                   [01;36m[K^~~[m[K
[01m[K/home/kal1-4/anicar_ws/src/path_publisher_ros_tool/src/path_publisher/path_publisher.cpp:[m[K In member function ‘[01m[Kbool path_publisher_ros_tool::PathPublisher::imageGenerator(Eigen::Affine3d&, const ros::TimerEvent&, cv_bridge::CvImagePtr)[m[K’:
[01m[K/home/kal1-4/anicar_ws/src/path_publisher_ros_tool/src/path_publisher/path_publisher.cpp:206:32:[m[K [01;35m[Kwarning: [m[Kcomparison between signed and unsigned integer expressions [[01;35m[K-Wsign-compare[m[K]
         if ([01;35m[Kpoints_list.size() <= interface_.least_points[m[K){
             [01;35m[K~~~~~~~~~~~~~~~~~~~^~~~~~~~~~~~~~~~~~~~~~~~~~[m[K
[01m[K/home/kal1-4/anicar_ws/src/path_publisher_ros_tool/src/path_publisher/path_publisher.cpp:[m[K In member function ‘[01m[Kvoid path_publisher_ros_tool::PathPublisher::callbackTimer(const ros::TimerEvent&)[m[K’:
[01m[K/home/kal1-4/anicar_ws/src/path_publisher_ros_tool/src/path_publisher/path_publisher.cpp:259:7:[m[K [01;35m[Kwarning: [m[Kunused variable ‘[01m[Kout_of_boundary[m[K’ [[01;35m[K-Wunused-variable[m[K]
  bool [01;35m[Kout_of_boundary[m[K{false};
       [01;35m[K^~~~~~~~~~~~~~~[m[K
[ 92%] [32m[1mLinking CXX shared library /home/kal1-4/anicar_ws/devel/.private/path_publisher_ros_tool/lib/libpath_publisher_nodelet.so[0m
[ 92%] Built target path_publisher_ros_tool-path_publisher-nodelet
[35m[1mScanning dependencies of target path_publisher_ros_tool-path_publisher-exec[0m
[ 96%] [32mBuilding CXX object CMakeFiles/path_publisher_ros_tool-path_publisher-exec.dir/src/path_publisher/path_publisher_node.cpp.o[0m
In file included from [01m[K/usr/include/eigen3/Eigen/SparseLU:26:0[m[K,
                 from [01m[K/usr/include/eigen3/Eigen/Sparse:29[m[K,
                 from [01m[K/usr/include/eigen3/Eigen/Eigen:2[m[K,
                 from [01m[K/home/kal1-4/anicar_ws/src/path_publisher_ros_tool/src/path_publisher/path_publisher.hpp:8[m[K,
                 from [01m[K/home/kal1-4/anicar_ws/src/path_publisher_ros_tool/src/path_publisher/path_publisher_node.cpp:1[m[K:
[01m[K/usr/include/eigen3/Eigen/src/SparseLU/SparseLU_gemm_kernel.h:[m[K In function ‘[01m[Kvoid Eigen::internal::sparselu_gemm(Eigen::Index, Eigen::Index, Eigen::Index, const Scalar*, Eigen::Index, const Scalar*, Eigen::Index, Scalar*, Eigen::Index)[m[K’:
[01m[K/usr/include/eigen3/Eigen/src/SparseLU/SparseLU_gemm_kernel.h:78:9:[m[K [01;35m[Kwarning: [m[Kthis ‘[01m[Kif[m[K’ clause does not guard... [[01;35m[K-Wmisleading-indentation[m[K]
         [01;35m[Kif[m[K(RK==4) b30 = pset1<Packet>(Bc0[3]);
         [01;35m[K^~[m[K
[01m[K/usr/include/eigen3/Eigen/src/SparseLU/SparseLU_gemm_kernel.h:79:19:[m[K [01;36m[Knote: [m[K...this statement, but the latter is misleadingly indented as if it were guarded by the ‘[01m[Kif[m[K’
                   [01;36m[Kb01[m[K = pset1<Packet>(Bc1[0]);
                   [01;36m[K^~~[m[K
[100%] [32m[1mLinking CXX executable /home/kal1-4/anicar_ws/devel/.private/path_publisher_ros_tool/lib/path_publisher_ros_tool/path_publisher[0m
[100%] Built target path_publisher_ros_tool-path_publisher-exec
