[35m[1mScanning dependencies of target image_preproc_ros_tool_gencfg[0m
[35m[1mScanning dependencies of target gtest[0m
[35m[1mScanning dependencies of target image_preproc_ros_tool_geninterface[0m
[35m[1mScanning dependencies of target tf2_msgs_generate_messages_nodejs[0m
[  3%] [34m[1mGenerating interface files from LabelDilation[0m
[  3%] Built target tf2_msgs_generate_messages_nodejs
[  6%] [32mBuilding CXX object gtest/gtest/CMakeFiles/gtest.dir/src/gtest-all.cc.o[0m
[  9%] [34m[1mGenerating dynamic reconfigure files from cfg/GammaCorrection.cfg: /home/kal1-4/anicar_ws/devel/.private/image_preproc_ros_tool/include/image_preproc_ros_tool/GammaCorrectionConfig.h /home/kal1-4/anicar_ws/devel/.private/image_preproc_ros_tool/lib/python2.7/dist-packages/image_preproc_ros_tool/cfg/GammaCorrectionConfig.py[0m
[ 12%] [34m[1mGenerating interface files from Resize[0m
Generating interface file for node label_dilation (class LabelDilation) in package image_preproc_ros_tool
Generating interface file for node resize (class Resize) in package image_preproc_ros_tool
[ 18%] [34m[1mGenerating interface files from Disp2pointcloud[0m
[ 18%] [34m[1mGenerating interface files from LabelDilation[0m
Generating interface file for node label_dilation (class LabelDilation) in package image_preproc_ros_tool
Generating interface file for node disp2pointcloud (class Disp2pointcloud) in package image_preproc_ros_tool
[ 21%] [34m[1mGenerating dynamic reconfigure files from /home/kal1-4/anicar_ws/devel/.private/image_preproc_ros_tool/share/image_preproc_ros_tool/cfg/Resize.cfg: /home/kal1-4/anicar_ws/devel/.private/image_preproc_ros_tool/include/image_preproc_ros_tool/ResizeConfig.h /home/kal1-4/anicar_ws/devel/.private/image_preproc_ros_tool/lib/python2.7/dist-packages/image_preproc_ros_tool/cfg/ResizeConfig.py[0m
[ 21%] Built target image_preproc_ros_tool_geninterface
[35m[1mScanning dependencies of target tf2_msgs_generate_messages_eus[0m
[ 21%] Built target tf2_msgs_generate_messages_eus
Generating reconfiguration files for GammaCorrection in image_preproc_ros_tool
Wrote header file in /home/kal1-4/anicar_ws/devel/.private/image_preproc_ros_tool/include/image_preproc_ros_tool/GammaCorrectionConfig.h
[35m[1mScanning dependencies of target tf2_msgs_generate_messages_cpp[0m
[35m[1mScanning dependencies of target actionlib_msgs_generate_messages_py[0m
[ 21%] Built target tf2_msgs_generate_messages_cpp
[ 21%] Built target actionlib_msgs_generate_messages_py
[35m[1mScanning dependencies of target actionlib_msgs_generate_messages_lisp[0m
Generating reconfiguration files for Resize in image_preproc_ros_tool
Wrote header file in /home/kal1-4/anicar_ws/devel/.private/image_preproc_ros_tool/include/image_preproc_ros_tool/ResizeConfig.h
[35m[1mScanning dependencies of target geometry_msgs_generate_messages_eus[0m
[ 21%] Built target actionlib_msgs_generate_messages_lisp
[ 21%] Built target geometry_msgs_generate_messages_eus
[35m[1mScanning dependencies of target bond_generate_messages_eus[0m
[35m[1mScanning dependencies of target geometry_msgs_generate_messages_lisp[0m
[ 21%] Built target bond_generate_messages_eus
[ 21%] Built target geometry_msgs_generate_messages_lisp
[ 25%] [34m[1mGenerating dynamic reconfigure files from /home/kal1-4/anicar_ws/devel/.private/image_preproc_ros_tool/share/image_preproc_ros_tool/cfg/Disp2pointcloud.cfg: /home/kal1-4/anicar_ws/devel/.private/image_preproc_ros_tool/include/image_preproc_ros_tool/Disp2pointcloudConfig.h /home/kal1-4/anicar_ws/devel/.private/image_preproc_ros_tool/lib/python2.7/dist-packages/image_preproc_ros_tool/cfg/Disp2pointcloudConfig.py[0m
[35m[1mScanning dependencies of target sensor_msgs_generate_messages_nodejs[0m
[ 25%] Built target sensor_msgs_generate_messages_nodejs
[ 28%] [34m[1mGenerating dynamic reconfigure files from /home/kal1-4/anicar_ws/devel/.private/image_preproc_ros_tool/share/image_preproc_ros_tool/cfg/LabelDilation.cfg: /home/kal1-4/anicar_ws/devel/.private/image_preproc_ros_tool/include/image_preproc_ros_tool/LabelDilationConfig.h /home/kal1-4/anicar_ws/devel/.private/image_preproc_ros_tool/lib/python2.7/dist-packages/image_preproc_ros_tool/cfg/LabelDilationConfig.py[0m
[35m[1mScanning dependencies of target roscpp_generate_messages_cpp[0m
[ 28%] Built target roscpp_generate_messages_cpp
[35m[1mScanning dependencies of target actionlib_generate_messages_cpp[0m
[ 28%] Built target actionlib_generate_messages_cpp
[35m[1mScanning dependencies of target pcl_msgs_generate_messages_eus[0m
Generating reconfiguration files for Disp2pointcloud in image_preproc_ros_tool
Wrote header file in /home/kal1-4/anicar_ws/devel/.private/image_preproc_ros_tool/include/image_preproc_ros_tool/Disp2pointcloudConfig.h
[ 28%] Built target pcl_msgs_generate_messages_eus
[35m[1mScanning dependencies of target sensor_msgs_generate_messages_lisp[0m
[35m[1mScanning dependencies of target roscpp_generate_messages_lisp[0m
[ 28%] Built target sensor_msgs_generate_messages_lisp
Generating reconfiguration files for LabelDilation in image_preproc_ros_tool
Wrote header file in /home/kal1-4/anicar_ws/devel/.private/image_preproc_ros_tool/include/image_preproc_ros_tool/LabelDilationConfig.h
[ 28%] Built target roscpp_generate_messages_lisp
[35m[1mScanning dependencies of target std_srvs_generate_messages_eus[0m
[35m[1mScanning dependencies of target pcl_msgs_generate_messages_cpp[0m
[ 28%] Built target std_srvs_generate_messages_eus
[ 28%] Built target pcl_msgs_generate_messages_cpp
[35m[1mScanning dependencies of target dynamic_reconfigure_generate_messages_lisp[0m
[35m[1mScanning dependencies of target std_msgs_generate_messages_py[0m
[ 28%] Built target dynamic_reconfigure_generate_messages_lisp
[ 28%] Built target std_msgs_generate_messages_py
[ 34%] Built target image_preproc_ros_tool_gencfg
[35m[1mScanning dependencies of target pcl_msgs_generate_messages_nodejs[0m
[35m[1mScanning dependencies of target tf_generate_messages_py[0m
[35m[1mScanning dependencies of target nodelet_generate_messages_nodejs[0m
[ 34%] Built target pcl_msgs_generate_messages_nodejs
[ 34%] Built target tf_generate_messages_py
[35m[1mScanning dependencies of target dynamic_reconfigure_generate_messages_cpp[0m
[ 34%] Built target nodelet_generate_messages_nodejs
[ 34%] Built target dynamic_reconfigure_generate_messages_cpp
[35m[1mScanning dependencies of target rosgraph_msgs_generate_messages_cpp[0m
[35m[1mScanning dependencies of target topic_tools_generate_messages_cpp[0m
[35m[1mScanning dependencies of target topic_tools_generate_messages_eus[0m
[ 34%] Built target rosgraph_msgs_generate_messages_cpp
[ 34%] Built target topic_tools_generate_messages_cpp
[ 34%] Built target topic_tools_generate_messages_eus
[35m[1mScanning dependencies of target std_msgs_generate_messages_eus[0m
[35m[1mScanning dependencies of target std_msgs_generate_messages_cpp[0m
[ 34%] Built target std_msgs_generate_messages_eus
[35m[1mScanning dependencies of target sensor_msgs_generate_messages_py[0m
[ 34%] Built target std_msgs_generate_messages_cpp
[35m[1mScanning dependencies of target nodelet_generate_messages_py[0m
[ 34%] Built target sensor_msgs_generate_messages_py
[35m[1mScanning dependencies of target geometry_msgs_generate_messages_nodejs[0m
[ 34%] Built target nodelet_generate_messages_py
[35m[1mScanning dependencies of target sensor_msgs_generate_messages_eus[0m
[ 34%] Built target geometry_msgs_generate_messages_nodejs
[35m[1mScanning dependencies of target dynamic_reconfigure_generate_messages_nodejs[0m
[ 34%] Built target sensor_msgs_generate_messages_eus
[35m[1mScanning dependencies of target tf2_msgs_generate_messages_lisp[0m
[ 34%] Built target dynamic_reconfigure_generate_messages_nodejs
[35m[1mScanning dependencies of target dynamic_reconfigure_gencfg[0m
[ 34%] Built target tf2_msgs_generate_messages_lisp
[ 34%] Built target dynamic_reconfigure_gencfg
[35m[1mScanning dependencies of target geometry_msgs_generate_messages_py[0m
[35m[1mScanning dependencies of target dynamic_reconfigure_generate_messages_py[0m
[ 34%] Built target geometry_msgs_generate_messages_py
[35m[1mScanning dependencies of target sensor_msgs_generate_messages_cpp[0m
[ 34%] Built target dynamic_reconfigure_generate_messages_py
[35m[1mScanning dependencies of target std_msgs_generate_messages_lisp[0m
[ 34%] Built target sensor_msgs_generate_messages_cpp
[35m[1mScanning dependencies of target roscpp_generate_messages_nodejs[0m
[ 34%] Built target std_msgs_generate_messages_lisp
[35m[1mScanning dependencies of target dynamic_reconfigure_generate_messages_eus[0m
[ 34%] Built target roscpp_generate_messages_nodejs
[35m[1mScanning dependencies of target std_msgs_generate_messages_nodejs[0m
[ 34%] Built target dynamic_reconfigure_generate_messages_eus
[35m[1mScanning dependencies of target bond_generate_messages_lisp[0m
[ 34%] Built target std_msgs_generate_messages_nodejs
[35m[1mScanning dependencies of target roscpp_generate_messages_py[0m
[ 34%] Built target bond_generate_messages_lisp
[35m[1mScanning dependencies of target rosgraph_msgs_generate_messages_eus[0m
[ 34%] Built target roscpp_generate_messages_py
[35m[1mScanning dependencies of target rosgraph_msgs_generate_messages_lisp[0m
[ 34%] Built target rosgraph_msgs_generate_messages_eus
[35m[1mScanning dependencies of target rosgraph_msgs_generate_messages_nodejs[0m
[ 34%] Built target rosgraph_msgs_generate_messages_lisp
[35m[1mScanning dependencies of target nodelet_generate_messages_cpp[0m
[35m[1mScanning dependencies of target bond_generate_messages_py[0m
[ 34%] Built target rosgraph_msgs_generate_messages_nodejs
[ 34%] Built target nodelet_generate_messages_cpp
[ 34%] Built target bond_generate_messages_py
[35m[1mScanning dependencies of target std_srvs_generate_messages_nodejs[0m
[35m[1mScanning dependencies of target geometry_msgs_generate_messages_cpp[0m
[35m[1mScanning dependencies of target actionlib_generate_messages_lisp[0m
[ 34%] Built target geometry_msgs_generate_messages_cpp
[ 34%] Built target std_srvs_generate_messages_nodejs
[ 34%] Built target actionlib_generate_messages_lisp
[35m[1mScanning dependencies of target nodelet_generate_messages_eus[0m
[35m[1mScanning dependencies of target rosinterface_handler_geninterface[0m
[35m[1mScanning dependencies of target rosinterface_handler_gencfg[0m
[ 34%] Built target nodelet_generate_messages_eus
[ 34%] Built target rosinterface_handler_geninterface
[ 34%] Built target rosinterface_handler_gencfg
[35m[1mScanning dependencies of target nodelet_generate_messages_lisp[0m
[35m[1mScanning dependencies of target roscpp_generate_messages_eus[0m
[35m[1mScanning dependencies of target rosgraph_msgs_generate_messages_py[0m
[ 34%] Built target nodelet_generate_messages_lisp
[ 34%] Built target roscpp_generate_messages_eus
[ 34%] Built target rosgraph_msgs_generate_messages_py
[35m[1mScanning dependencies of target bond_generate_messages_cpp[0m
[35m[1mScanning dependencies of target actionlib_msgs_generate_messages_eus[0m
[35m[1mScanning dependencies of target bond_generate_messages_nodejs[0m
[ 34%] Built target bond_generate_messages_cpp
[ 34%] Built target actionlib_msgs_generate_messages_eus
[ 34%] Built target bond_generate_messages_nodejs
[35m[1mScanning dependencies of target pcl_ros_gencfg[0m
[35m[1mScanning dependencies of target tf2_msgs_generate_messages_py[0m
[35m[1mScanning dependencies of target topic_tools_generate_messages_nodejs[0m
[ 34%] Built target topic_tools_generate_messages_nodejs
[ 34%] Built target pcl_ros_gencfg
[ 34%] Built target tf2_msgs_generate_messages_py
[35m[1mScanning dependencies of target actionlib_generate_messages_py[0m
[35m[1mScanning dependencies of target actionlib_msgs_generate_messages_nodejs[0m
[35m[1mScanning dependencies of target topic_tools_generate_messages_py[0m
[ 34%] Built target actionlib_msgs_generate_messages_nodejs
[ 34%] Built target actionlib_generate_messages_py
[ 34%] Built target topic_tools_generate_messages_py
[35m[1mScanning dependencies of target topic_tools_generate_messages_lisp[0m
[35m[1mScanning dependencies of target nodelet_topic_tools_gencfg[0m
[35m[1mScanning dependencies of target std_srvs_generate_messages_lisp[0m
[ 34%] Built target topic_tools_generate_messages_lisp
[ 34%] Built target std_srvs_generate_messages_lisp
[ 34%] Built target nodelet_topic_tools_gencfg
[35m[1mScanning dependencies of target tf_generate_messages_eus[0m
[35m[1mScanning dependencies of target std_srvs_generate_messages_cpp[0m
[35m[1mScanning dependencies of target actionlib_msgs_generate_messages_cpp[0m
[ 34%] Built target std_srvs_generate_messages_cpp
[ 34%] Built target tf_generate_messages_eus
[35m[1mScanning dependencies of target std_srvs_generate_messages_py[0m
[ 34%] Built target actionlib_msgs_generate_messages_cpp
[35m[1mScanning dependencies of target tf_generate_messages_nodejs[0m
[ 34%] Built target std_srvs_generate_messages_py
[35m[1mScanning dependencies of target tf_generate_messages_lisp[0m
[35m[1mScanning dependencies of target pcl_msgs_generate_messages_py[0m
[ 34%] Built target tf_generate_messages_nodejs
[ 34%] Built target tf_generate_messages_lisp
[35m[1mScanning dependencies of target pcl_msgs_generate_messages_lisp[0m
[ 34%] Built target pcl_msgs_generate_messages_py
[35m[1mScanning dependencies of target actionlib_generate_messages_eus[0m
[ 34%] Built target pcl_msgs_generate_messages_lisp
[35m[1mScanning dependencies of target tf_generate_messages_cpp[0m
[ 34%] Built target actionlib_generate_messages_eus
[35m[1mScanning dependencies of target actionlib_generate_messages_nodejs[0m
[ 34%] Built target tf_generate_messages_cpp
[ 34%] Built target actionlib_generate_messages_nodejs
[ 37%] [32m[1mLinking CXX shared library libgtest.so[0m
[ 37%] Built target gtest
[35m[1mScanning dependencies of target image_preproc_ros_tool-disp2pointcloud-nodelet[0m
[35m[1mScanning dependencies of target image_preproc_ros_tool-gamma_correction-nodelet[0m
[35m[1mScanning dependencies of target image_preproc_ros_tool-resize-nodelet[0m
[35m[1mScanning dependencies of target image_preproc_ros_tool-label_dilation-nodelet[0m
[ 43%] [32mBuilding CXX object CMakeFiles/image_preproc_ros_tool-gamma_correction-nodelet.dir/src/gamma_correction/gamma_correction.cpp.o[0m
[ 43%] [32mBuilding CXX object CMakeFiles/image_preproc_ros_tool-gamma_correction-nodelet.dir/src/gamma_correction/gamma_correction_nodelet.cpp.o[0m
[ 46%] [32mBuilding CXX object CMakeFiles/image_preproc_ros_tool-label_dilation-nodelet.dir/src/label_dilation/label_dilation_nodelet.cpp.o[0m
[ 50%] [32mBuilding CXX object CMakeFiles/image_preproc_ros_tool-label_dilation-nodelet.dir/src/label_dilation/label_dilation.cpp.o[0m
[ 53%] [32mBuilding CXX object CMakeFiles/image_preproc_ros_tool-resize-nodelet.dir/src/resize/resize_nodelet.cpp.o[0m
[ 56%] [32mBuilding CXX object CMakeFiles/image_preproc_ros_tool-disp2pointcloud-nodelet.dir/src/disp2pointcloud/disp2pointcloud_nodelet.cpp.o[0m
[ 59%] [32mBuilding CXX object CMakeFiles/image_preproc_ros_tool-disp2pointcloud-nodelet.dir/src/disp2pointcloud/disp2pointcloud.cpp.o[0m
[ 62%] [32mBuilding CXX object CMakeFiles/image_preproc_ros_tool-resize-nodelet.dir/src/resize/resize.cpp.o[0m
[ 65%] [32m[1mLinking CXX shared library /home/kal1-4/anicar_ws/devel/.private/image_preproc_ros_tool/lib/libgamma_correction_nodelet.so[0m
[ 65%] Built target image_preproc_ros_tool-gamma_correction-nodelet
[ 68%] [32m[1mLinking CXX shared library /home/kal1-4/anicar_ws/devel/.private/image_preproc_ros_tool/lib/liblabel_dilation_nodelet.so[0m
[ 68%] Built target image_preproc_ros_tool-label_dilation-nodelet
[ 71%] [32m[1mLinking CXX shared library /home/kal1-4/anicar_ws/devel/.private/image_preproc_ros_tool/lib/libresize_nodelet.so[0m
[ 71%] Built target image_preproc_ros_tool-resize-nodelet
[35m[1mScanning dependencies of target image_preproc_ros_tool-resize-exec[0m
[ 75%] [32mBuilding CXX object CMakeFiles/image_preproc_ros_tool-resize-exec.dir/src/resize/resize_node.cpp.o[0m
[ 78%] [32m[1mLinking CXX shared library /home/kal1-4/anicar_ws/devel/.private/image_preproc_ros_tool/lib/libdisp2pointcloud_nodelet.so[0m
[ 78%] Built target image_preproc_ros_tool-disp2pointcloud-nodelet
[ 81%] [32m[1mLinking CXX executable /home/kal1-4/anicar_ws/devel/.private/image_preproc_ros_tool/lib/image_preproc_ros_tool/resize[0m
[ 81%] Built target image_preproc_ros_tool-resize-exec
[35m[1mScanning dependencies of target image_preproc_ros_tool-label_dilation-exec[0m
[ 84%] [32mBuilding CXX object CMakeFiles/image_preproc_ros_tool-label_dilation-exec.dir/src/label_dilation/label_dilation_node.cpp.o[0m
[35m[1mScanning dependencies of target image_preproc_ros_tool-gamma_correction-exec[0m
[ 87%] [32mBuilding CXX object CMakeFiles/image_preproc_ros_tool-gamma_correction-exec.dir/src/gamma_correction/gamma_correction_node.cpp.o[0m
[ 90%] [32m[1mLinking CXX executable /home/kal1-4/anicar_ws/devel/.private/image_preproc_ros_tool/lib/image_preproc_ros_tool/label_dilation[0m
[ 90%] Built target image_preproc_ros_tool-label_dilation-exec
[35m[1mScanning dependencies of target image_preproc_ros_tool-disp2pointcloud-exec[0m
[ 93%] [32mBuilding CXX object CMakeFiles/image_preproc_ros_tool-disp2pointcloud-exec.dir/src/disp2pointcloud/disp2pointcloud_node.cpp.o[0m
[ 96%] [32m[1mLinking CXX executable /home/kal1-4/anicar_ws/devel/.private/image_preproc_ros_tool/lib/image_preproc_ros_tool/gamma_correction[0m
[ 96%] Built target image_preproc_ros_tool-gamma_correction-exec
[100%] [32m[1mLinking CXX executable /home/kal1-4/anicar_ws/devel/.private/image_preproc_ros_tool/lib/image_preproc_ros_tool/disp2pointcloud[0m
[100%] Built target image_preproc_ros_tool-disp2pointcloud-exec
