[35m[1mScanning dependencies of target prosilica[0m
[  6%] [32mBuilding CXX object CMakeFiles/prosilica.dir/src/libprosilica/prosilica.cpp.o[0m
[35m[1mScanning dependencies of target diagnostic_msgs_generate_messages_nodejs[0m
[  6%] Built target diagnostic_msgs_generate_messages_nodejs
[35m[1mScanning dependencies of target nodelet_topic_tools_gencfg[0m
[  6%] Built target nodelet_topic_tools_gencfg
[35m[1mScanning dependencies of target bond_generate_messages_nodejs[0m
[  6%] Built target bond_generate_messages_nodejs
[35m[1mScanning dependencies of target nodelet_generate_messages_nodejs[0m
[35m[1mScanning dependencies of target bond_generate_messages_cpp[0m
[  6%] Built target nodelet_generate_messages_nodejs
[  6%] Built target bond_generate_messages_cpp
[35m[1mScanning dependencies of target nodelet_generate_messages_lisp[0m
[35m[1mScanning dependencies of target bond_generate_messages_py[0m
[35m[1mScanning dependencies of target nodelet_generate_messages_cpp[0m
[  6%] Built target nodelet_generate_messages_lisp
[  6%] Built target nodelet_generate_messages_cpp
[  6%] Built target bond_generate_messages_py
[35m[1mScanning dependencies of target polled_camera_generate_messages_lisp[0m
[35m[1mScanning dependencies of target polled_camera_generate_messages_cpp[0m
[35m[1mScanning dependencies of target dynamic_reconfigure_gencfg[0m
[  6%] Built target polled_camera_generate_messages_cpp
[  6%] Built target dynamic_reconfigure_gencfg
[  6%] Built target polled_camera_generate_messages_lisp
[35m[1mScanning dependencies of target dynamic_reconfigure_generate_messages_nodejs[0m
[35m[1mScanning dependencies of target polled_camera_generate_messages_eus[0m
[35m[1mScanning dependencies of target polled_camera_generate_messages_nodejs[0m
[  6%] Built target dynamic_reconfigure_generate_messages_nodejs
[  6%] Built target polled_camera_generate_messages_eus
[  6%] Built target polled_camera_generate_messages_nodejs
[35m[1mScanning dependencies of target dynamic_reconfigure_generate_messages_lisp[0m
[35m[1mScanning dependencies of target driver_base_generate_messages_py[0m
[  6%] Built target dynamic_reconfigure_generate_messages_lisp
[35m[1mScanning dependencies of target driver_base_generate_messages_nodejs[0m
[  6%] Built target driver_base_generate_messages_py
[35m[1mScanning dependencies of target driver_base_generate_messages_lisp[0m
[  6%] Built target driver_base_generate_messages_nodejs
[  6%] Built target driver_base_generate_messages_lisp
[35m[1mScanning dependencies of target driver_base_generate_messages_eus[0m
[35m[1mScanning dependencies of target polled_camera_generate_messages_py[0m
[  6%] Built target driver_base_generate_messages_eus
[35m[1mScanning dependencies of target rosgraph_msgs_generate_messages_nodejs[0m
[35m[1mScanning dependencies of target rosgraph_msgs_generate_messages_py[0m
[  6%] Built target polled_camera_generate_messages_py
[  6%] Built target rosgraph_msgs_generate_messages_nodejs
[  6%] Built target rosgraph_msgs_generate_messages_py
[35m[1mScanning dependencies of target rosgraph_msgs_generate_messages_lisp[0m
[35m[1mScanning dependencies of target std_msgs_generate_messages_eus[0m
[35m[1mScanning dependencies of target rosgraph_msgs_generate_messages_eus[0m
[  6%] Built target std_msgs_generate_messages_eus
[  6%] Built target rosgraph_msgs_generate_messages_lisp
[35m[1mScanning dependencies of target dynamic_reconfigure_generate_messages_cpp[0m
[  6%] Built target rosgraph_msgs_generate_messages_eus
[35m[1mScanning dependencies of target rosgraph_msgs_generate_messages_cpp[0m
[35m[1mScanning dependencies of target roscpp_generate_messages_py[0m
[  6%] Built target dynamic_reconfigure_generate_messages_cpp
[  6%] Built target rosgraph_msgs_generate_messages_cpp
[  6%] Built target roscpp_generate_messages_py
[35m[1mScanning dependencies of target std_msgs_generate_messages_py[0m
[35m[1mScanning dependencies of target geometry_msgs_generate_messages_eus[0m
[35m[1mScanning dependencies of target roscpp_generate_messages_nodejs[0m
[  6%] Built target geometry_msgs_generate_messages_eus
[  6%] Built target std_msgs_generate_messages_py
[  6%] Built target roscpp_generate_messages_nodejs
[35m[1mScanning dependencies of target roscpp_generate_messages_eus[0m
[35m[1mScanning dependencies of target bond_generate_messages_eus[0m
[35m[1mScanning dependencies of target roscpp_generate_messages_lisp[0m
[  6%] Built target roscpp_generate_messages_eus
[  6%] Built target bond_generate_messages_eus
[  6%] Built target roscpp_generate_messages_lisp
[35m[1mScanning dependencies of target nodelet_generate_messages_py[0m
[35m[1mScanning dependencies of target std_msgs_generate_messages_cpp[0m
[35m[1mScanning dependencies of target geometry_msgs_generate_messages_nodejs[0m
[  6%] Built target std_msgs_generate_messages_cpp
[  6%] Built target nodelet_generate_messages_py
[  6%] Built target geometry_msgs_generate_messages_nodejs
[35m[1mScanning dependencies of target sensor_msgs_generate_messages_py[0m
[35m[1mScanning dependencies of target diagnostic_msgs_generate_messages_cpp[0m
[35m[1mScanning dependencies of target diagnostic_msgs_generate_messages_eus[0m
[  6%] Built target sensor_msgs_generate_messages_py
[  6%] Built target diagnostic_msgs_generate_messages_cpp
[  6%] Built target diagnostic_msgs_generate_messages_eus
[35m[1mScanning dependencies of target sensor_msgs_generate_messages_cpp[0m
[35m[1mScanning dependencies of target std_msgs_generate_messages_lisp[0m
[35m[1mScanning dependencies of target sensor_msgs_generate_messages_eus[0m
[  6%] Built target sensor_msgs_generate_messages_cpp
[  6%] Built target sensor_msgs_generate_messages_eus
[  6%] Built target std_msgs_generate_messages_lisp
[35m[1mScanning dependencies of target sensor_msgs_generate_messages_lisp[0m
[35m[1mScanning dependencies of target roscpp_generate_messages_cpp[0m
[35m[1mScanning dependencies of target sensor_msgs_generate_messages_nodejs[0m
[  6%] Built target sensor_msgs_generate_messages_lisp
[  6%] Built target roscpp_generate_messages_cpp
[35m[1mScanning dependencies of target nodelet_generate_messages_eus[0m
[  6%] Built target sensor_msgs_generate_messages_nodejs
[35m[1mScanning dependencies of target diagnostic_msgs_generate_messages_py[0m
[35m[1mScanning dependencies of target geometry_msgs_generate_messages_cpp[0m
[  6%] Built target nodelet_generate_messages_eus
[  6%] Built target diagnostic_msgs_generate_messages_py
[  6%] Built target geometry_msgs_generate_messages_cpp
[35m[1mScanning dependencies of target geometry_msgs_generate_messages_lisp[0m
[35m[1mScanning dependencies of target bond_generate_messages_lisp[0m
[35m[1mScanning dependencies of target std_msgs_generate_messages_nodejs[0m
[  6%] Built target bond_generate_messages_lisp
[  6%] Built target geometry_msgs_generate_messages_lisp
[  6%] Built target std_msgs_generate_messages_nodejs
[35m[1mScanning dependencies of target driver_base_generate_messages_cpp[0m
[35m[1mScanning dependencies of target geometry_msgs_generate_messages_py[0m
[35m[1mScanning dependencies of target dynamic_reconfigure_generate_messages_eus[0m
[  6%] Built target geometry_msgs_generate_messages_py
[  6%] Built target driver_base_generate_messages_cpp
[  6%] Built target dynamic_reconfigure_generate_messages_eus
[35m[1mScanning dependencies of target diagnostic_msgs_generate_messages_lisp[0m
[35m[1mScanning dependencies of target dynamic_reconfigure_generate_messages_py[0m
[  6%] Built target diagnostic_msgs_generate_messages_lisp
[  6%] Built target dynamic_reconfigure_generate_messages_py
[35m[1mScanning dependencies of target prosilica_driver_gencfg[0m
[ 13%] [34m[1mGenerating dynamic reconfigure files from cfg/ProsilicaCamera.cfg: /home/kal1-4/anicar_ws/devel/.private/prosilica_driver/include/prosilica_driver/ProsilicaCameraConfig.h /home/kal1-4/anicar_ws/devel/.private/prosilica_driver/lib/python2.7/dist-packages/prosilica_driver/cfg/ProsilicaCameraConfig.py[0m
Generating reconfiguration files for ProsilicaCamera in prosilica_driver
Wrote header file in /home/kal1-4/anicar_ws/devel/.private/prosilica_driver/include/prosilica_driver/ProsilicaCameraConfig.h
[ 13%] Built target prosilica_driver_gencfg
[ 20%] [32m[1mLinking CXX shared library /home/kal1-4/anicar_ws/devel/.private/prosilica_driver/lib/libprosilica.so[0m
[ 20%] Built target prosilica
[35m[1mScanning dependencies of target set_inhibition[0m
[ 26%] [32mBuilding CXX object CMakeFiles/set_inhibition.dir/src/utilities/set_inhibition.cpp.o[0m
[35m[1mScanning dependencies of target read_memory[0m
[ 33%] [32mBuilding CXX object CMakeFiles/read_memory.dir/src/utilities/read_memory.cpp.o[0m
[35m[1mScanning dependencies of target write_memory[0m
[ 40%] [32mBuilding CXX object CMakeFiles/write_memory.dir/src/utilities/write_memory.cpp.o[0m
[35m[1mScanning dependencies of target prosilica_nodelet[0m
[ 46%] [32m[1mLinking CXX executable /home/kal1-4/anicar_ws/devel/.private/prosilica_driver/lib/prosilica_driver/set_inhibition[0m
[ 53%] [32mBuilding CXX object CMakeFiles/prosilica_nodelet.dir/src/nodes/prosilica_nodelet.cpp.o[0m
[ 53%] Built target set_inhibition
[35m[1mScanning dependencies of target set_ip[0m
[ 60%] [32mBuilding CXX object CMakeFiles/set_ip.dir/src/utilities/set_ip.cpp.o[0m
[ 66%] [32m[1mLinking CXX executable /home/kal1-4/anicar_ws/devel/.private/prosilica_driver/lib/prosilica_driver/read_memory[0m
[ 73%] [32m[1mLinking CXX executable /home/kal1-4/anicar_ws/devel/.private/prosilica_driver/lib/prosilica_driver/write_memory[0m
[ 73%] Built target read_memory
[ 73%] Built target write_memory
[ 80%] [32m[1mLinking CXX executable /home/kal1-4/anicar_ws/devel/.private/prosilica_driver/lib/prosilica_driver/set_ip[0m
[ 80%] Built target set_ip
[ 86%] [32m[1mLinking CXX shared library /home/kal1-4/anicar_ws/devel/.private/prosilica_driver/lib/libprosilica_nodelet.so[0m
[ 86%] Built target prosilica_nodelet
[35m[1mScanning dependencies of target prosilica_node[0m
[ 93%] [32mBuilding CXX object CMakeFiles/prosilica_node.dir/src/nodes/prosilica_node.cpp.o[0m
[100%] [32m[1mLinking CXX executable /home/kal1-4/anicar_ws/devel/.private/prosilica_driver/lib/prosilica_driver/prosilica_node[0m
[100%] Built target prosilica_node
