Symlinking /home/kal1-4/anicar_ws/devel/share/common-lisp/ros/stargazer_ros_tool/msg/LandmarkArray.lisp
Symlinking /home/kal1-4/anicar_ws/devel/share/common-lisp/ros/stargazer_ros_tool/msg/stargazer_ros_tool-msg.asd
Symlinking /home/kal1-4/anicar_ws/devel/share/common-lisp/ros/stargazer_ros_tool/msg/Landmark.lisp
Symlinking /home/kal1-4/anicar_ws/devel/share/common-lisp/ros/stargazer_ros_tool/msg/_package_LandmarkPoint.lisp
Symlinking /home/kal1-4/anicar_ws/devel/share/common-lisp/ros/stargazer_ros_tool/msg/LandmarkPoint.lisp
Symlinking /home/kal1-4/anicar_ws/devel/share/common-lisp/ros/stargazer_ros_tool/msg/_package_LandmarkArray.lisp
Symlinking /home/kal1-4/anicar_ws/devel/share/common-lisp/ros/stargazer_ros_tool/msg/_package_Landmark.lisp
Symlinking /home/kal1-4/anicar_ws/devel/share/common-lisp/ros/stargazer_ros_tool/msg/_package.lisp
Symlinking /home/kal1-4/anicar_ws/devel/share/stargazer_ros_tool/docs/LandmarkLocalizerConfig-usage.dox
Symlinking /home/kal1-4/anicar_ws/devel/share/stargazer_ros_tool/docs/LandmarkLocalizerConfig.wikidoc
Symlinking /home/kal1-4/anicar_ws/devel/share/stargazer_ros_tool/docs/LandmarkFinderConfig-usage.dox
Symlinking /home/kal1-4/anicar_ws/devel/share/stargazer_ros_tool/docs/LandmarkLocalizerConfig.dox
Symlinking /home/kal1-4/anicar_ws/devel/share/stargazer_ros_tool/docs/LandmarkFinderConfig.dox
Symlinking /home/kal1-4/anicar_ws/devel/share/stargazer_ros_tool/docs/LandmarkFinderConfig.wikidoc
Symlinking /home/kal1-4/anicar_ws/devel/share/stargazer_ros_tool/cmake/stargazer_ros_toolConfig.cmake
Symlinking /home/kal1-4/anicar_ws/devel/share/stargazer_ros_tool/cmake/stargazer_ros_tool-msg-extras.cmake
Symlinking /home/kal1-4/anicar_ws/devel/share/stargazer_ros_tool/cmake/stargazer_ros_toolConfig-version.cmake
Symlinking /home/kal1-4/anicar_ws/devel/share/stargazer_ros_tool/cmake/stargazer_ros_tool-msg-paths.cmake
Symlinking /home/kal1-4/anicar_ws/devel/share/roseus/ros/stargazer_ros_tool/manifest.l
Symlinking /home/kal1-4/anicar_ws/devel/share/roseus/ros/stargazer_ros_tool/msg/LandmarkArray.l
Symlinking /home/kal1-4/anicar_ws/devel/share/roseus/ros/stargazer_ros_tool/msg/Landmark.l
Symlinking /home/kal1-4/anicar_ws/devel/share/roseus/ros/stargazer_ros_tool/msg/LandmarkPoint.l
Symlinking /home/kal1-4/anicar_ws/devel/share/gennodejs/ros/stargazer_ros_tool/_index.js
Symlinking /home/kal1-4/anicar_ws/devel/share/gennodejs/ros/stargazer_ros_tool/msg/LandmarkPoint.js
Symlinking /home/kal1-4/anicar_ws/devel/share/gennodejs/ros/stargazer_ros_tool/msg/_index.js
Symlinking /home/kal1-4/anicar_ws/devel/share/gennodejs/ros/stargazer_ros_tool/msg/Landmark.js
Symlinking /home/kal1-4/anicar_ws/devel/share/gennodejs/ros/stargazer_ros_tool/msg/LandmarkArray.js
Symlinking /home/kal1-4/anicar_ws/devel/include/stargazer_ros_tool/LandmarkFinderConfig.h
Symlinking /home/kal1-4/anicar_ws/devel/include/stargazer_ros_tool/LandmarkArray.h
Symlinking /home/kal1-4/anicar_ws/devel/include/stargazer_ros_tool/Landmark.h
Symlinking /home/kal1-4/anicar_ws/devel/include/stargazer_ros_tool/LandmarkLocalizerConfig.h
Symlinking /home/kal1-4/anicar_ws/devel/include/stargazer_ros_tool/LandmarkPoint.h
Symlinking /home/kal1-4/anicar_ws/devel/lib/liblandmark_finder_nodelet.so
Symlinking /home/kal1-4/anicar_ws/devel/lib/liblandmark_localizer_nodelet.so
Symlinking /home/kal1-4/anicar_ws/devel/lib/pkgconfig/stargazer_ros_tool.pc
Symlinking /home/kal1-4/anicar_ws/devel/lib/python2.7/dist-packages/stargazer_ros_tool/__init__.py
Symlinking /home/kal1-4/anicar_ws/devel/lib/python2.7/dist-packages/stargazer_ros_tool/cfg/__init__.py
Symlinking /home/kal1-4/anicar_ws/devel/lib/python2.7/dist-packages/stargazer_ros_tool/cfg/LandmarkFinderConfig.py
Symlinking /home/kal1-4/anicar_ws/devel/lib/python2.7/dist-packages/stargazer_ros_tool/cfg/LandmarkLocalizerConfig.py
Symlinking /home/kal1-4/anicar_ws/devel/lib/python2.7/dist-packages/stargazer_ros_tool/msg/_LandmarkPoint.py
Symlinking /home/kal1-4/anicar_ws/devel/lib/python2.7/dist-packages/stargazer_ros_tool/msg/_LandmarkArray.py
Symlinking /home/kal1-4/anicar_ws/devel/lib/python2.7/dist-packages/stargazer_ros_tool/msg/__init__.py
Symlinking /home/kal1-4/anicar_ws/devel/lib/python2.7/dist-packages/stargazer_ros_tool/msg/_Landmark.py
Symlinking /home/kal1-4/anicar_ws/devel/lib/stargazer_ros_tool/landmark_visualizer
Symlinking /home/kal1-4/anicar_ws/devel/lib/stargazer_ros_tool/pose_visualizer
Symlinking /home/kal1-4/anicar_ws/devel/lib/stargazer_ros_tool/reprojection_visualizer
Symlinking /home/kal1-4/anicar_ws/devel/lib/stargazer_ros_tool/landmark_localizer
Symlinking /home/kal1-4/anicar_ws/devel/lib/stargazer_ros_tool/intrinsics_tool
Symlinking /home/kal1-4/anicar_ws/devel/lib/stargazer_ros_tool/landmark_calibrator
Symlinking /home/kal1-4/anicar_ws/devel/lib/stargazer_ros_tool/landmark_finder
